Thu Oct 5 23:42:20 AEDT 2023
Found cached dataset csv (/srv/scratch/chacmod/.cache/huggingface/datasets/AusKidTalk-finetune/csv/default-038a3ddb82dc47c7/0.0.0/6954658bab30a358235fa864b05cf819af0e179325c740e4bc853bcc7ec513e1)
Running:  /srv/scratch/z5313567/thesis/whisper/code/whisper_finetune_AusKidTalk_scripted_lowercase.py
Started: 05/10/2023 23:42:21

------> IMPORTING PACKAGES.... ---------------------------------------

-->Importing datasets...
-->Importing random...
-->Importing pandas & numpy...
-->Importing re...
-->Importing json...
-->Importing Whisper Packages...
-->Importing soundfile...
-->Importing librosa...
-->Importing torch, dataclasses & typing...
-->Importing from transformers for training...
-->Importing pyarrow for loading dataset...
-->SUCCESS! All packages imported.

------> EXPERIMENT ARGUMENTS ----------------------------------------- 

base_fp: /srv/scratch/z5313567/thesis/
model: whisper
dataset_name: AusKidTalk
experiment_id: whisper_medium_finetune_AusKidTalk_lowercase_20231005
cache_name: AusKidTalk-finetune
training: True
use_checkpoint: False
use_pretrained_tokenizer: False
eval_pretrained: False
baseline_model: openai/whisper-medium
eval_baseline: False

------> TRAINING ARGUMENTS... ----------------------------------------

learning_rate: 1e-05
per_device_train_batch_size: 32
per_device_eval_batch_size: 32
seed: 42
adam_beta1: 0.9
adam_beta2: 0.999
adam_epsilon: 1e-08
lr_scheduler_type: linear
warmup_steps: 500
max_steps: 5500
gradient_accumulation_steps: 1
gradient_checkpointing: True
fp16: True
evaluation_strategy: steps
predict_with_generate: True
generation_max_length: 225
save_steps: 1000
eval_steps: 1000
logging_steps: 500
load_best_model_at_end: True
metric_for_best_model: wer
greater_is_better: False
group_by_length: True

------> GENERATING FILEPATHS... --------------------------------------

--> data_train_fp: /srv/scratch/z5313567/thesis/AusKidTalk_local/scripted_new/AusKidTalk_scripted_train_dataframe_new_180speakers_shuffled_only_transcription_filepath.csv
--> data_dev_fp: /srv/scratch/z5313567/thesis/AusKidTalk_local/scripted_new/AusKidTalk_scripted_dev_dataframe_new_180speakers_shuffled_only_transcription_filepath.csv
--> data_test_fp: /srv/scratch/z5313567/thesis/AusKidTalk_local/scripted_new/AusKidTalk_scripted_test_dataframe_new_180speakers_shuffled_only_transcription_filepath.csv
--> data_cache_fp: /srv/scratch/chacmod/.cache/huggingface/datasets/AusKidTalk-finetune
--> vocab_fp: /srv/scratch/z5313567/thesis/whisper/vocab/AusKidTalk/whisper_medium_finetune_AusKidTalk_lowercase_20231005_vocab.json
--> model_fp: /srv/scratch/z5313567/thesis/whisper/model/AusKidTalk/whisper_medium_finetune_AusKidTalk_lowercase_20231005
--> baseline_results_fp: /srv/scratch/z5313567/thesis/whisper/baseline_result/AusKidTalk/whisper_medium_finetune_AusKidTalk_lowercase_20231005_baseline_result.csv
--> finetuned_results_fp: /srv/scratch/z5313567/thesis/whisper/finetuned_result/AusKidTalk/whisper_medium_finetune_AusKidTalk_lowercase_20231005_finetuned_result.csv
--> pretrained_mod: openai/whisper-medium

------> PREPARING DATASET... ------------------------------------

  0%|          | 0/3 [00:00<?, ?it/s]100%|██████████| 3/3 [00:00<00:00, 396.72it/s]
--> dataset...
DatasetDict({
    train: Dataset({
        features: ['filepath', 'transcription_clean'],
        num_rows: 18384
    })
    dev: Dataset({
        features: ['filepath', 'transcription_clean'],
        num_rows: 4019
    })
    test: Dataset({
        features: ['filepath', 'transcription_clean'],
        num_rows: 3968
    })
})
--> Printing some random samples...
                                            filepath transcription_clean
0  /srv/scratch/chacmod/auskidtalk_scripted_audio...             breathe
1  /srv/scratch/chacmod/auskidtalk_scripted_audio...                nine
2  /srv/scratch/chacmod/auskidtalk_scripted_audio...           detective
3  /srv/scratch/chacmod/auskidtalk_scripted_audio...                wood
4  /srv/scratch/chacmod/auskidtalk_scripted_audio...                 two
SUCCESS: Prepared dataset.

------> PROCESSING TRANSCRIPTION... ---------------------------------------

Map:   0%|          | 0/18384 [00:00<?, ? examples/s]Map:  17%|█▋        | 3132/18384 [00:00<00:00, 31156.53 examples/s]Map:  38%|███▊      | 6964/18384 [00:00<00:00, 35200.09 examples/s]Map:  58%|█████▊    | 10649/18384 [00:00<00:00, 35945.20 examples/s]Map:  78%|███████▊  | 14282/18384 [00:00<00:00, 36094.13 examples/s]Map:  98%|█████████▊| 18000/18384 [00:00<00:00, 36403.84 examples/s]                                                                    Map:   0%|          | 0/4019 [00:00<?, ? examples/s]Map:  84%|████████▍ | 3376/4019 [00:00<00:00, 33594.00 examples/s]                                                                  Map:   0%|          | 0/3968 [00:00<?, ? examples/s]Map:  85%|████████▍ | 3365/3968 [00:00<00:00, 33492.24 examples/s]                                                                  
------> Defining feature extractor... ---------------------------------------

SUCCESS: Feature extractor defined.

------> Defining tokenizer... ---------------------------------------

SUCCESS: Tokenizer defined.

------> Preparaing processor... ---------------------------------------

SUCCESS: Processor defined.

------> PRE-PROCESSING DATA... ----------------------------------------- 

Map (num_proc=4):   0%|          | 0/18384 [00:00<?, ? examples/s]Map (num_proc=4):   0%|          | 1/18384 [00:01<7:27:59,  1.46s/ examples]Map (num_proc=4):   0%|          | 5/18384 [00:01<1:14:10,  4.13 examples/s]Map (num_proc=4):   0%|          | 14/18384 [00:01<23:26, 13.06 examples/s] Map (num_proc=4):   0%|          | 20/18384 [00:01<16:12, 18.89 examples/s]Map (num_proc=4):   1%|▏         | 250/18384 [00:01<00:48, 374.29 examples/s]Map (num_proc=4):   3%|▎         | 552/18384 [00:02<00:20, 853.61 examples/s]Map (num_proc=4):   5%|▍         | 845/18384 [00:02<00:13, 1279.68 examples/s]Map (num_proc=4):   6%|▌         | 1139/18384 [00:02<00:10, 1650.64 examples/s]Map (num_proc=4):   8%|▊         | 1435/18384 [00:02<00:08, 1963.52 examples/s]Map (num_proc=4):   9%|▉         | 1738/18384 [00:02<00:07, 2224.10 examples/s]Map (num_proc=4):  11%|█         | 2052/18384 [00:02<00:06, 2458.77 examples/s]Map (num_proc=4):  13%|█▎        | 2365/18384 [00:02<00:06, 2637.26 examples/s]Map (num_proc=4):  15%|█▍        | 2677/18384 [00:02<00:05, 2763.13 examples/s]Map (num_proc=4):  16%|█▌        | 2983/18384 [00:02<00:05, 2835.47 examples/s]Map (num_proc=4):  18%|█▊        | 3294/18384 [00:02<00:05, 2912.36 examples/s]Map (num_proc=4):  20%|█▉        | 3629/18384 [00:03<00:04, 3005.18 examples/s]Map (num_proc=4):  22%|██▏       | 3961/18384 [00:03<00:04, 3074.32 examples/s]Map (num_proc=4):  23%|██▎       | 4275/18384 [00:03<00:06, 2209.97 examples/s]Map (num_proc=4):  25%|██▍       | 4592/18384 [00:03<00:05, 2423.50 examples/s]Map (num_proc=4):  27%|██▋       | 4907/18384 [00:03<00:05, 2587.92 examples/s]Map (num_proc=4):  28%|██▊       | 5232/18384 [00:03<00:04, 2746.10 examples/s]Map (num_proc=4):  30%|███       | 5548/18384 [00:03<00:04, 2853.39 examples/s]Map (num_proc=4):  32%|███▏      | 5869/18384 [00:03<00:04, 2937.97 examples/s]Map (num_proc=4):  34%|███▎      | 6186/18384 [00:04<00:04, 2994.98 examples/s]Map (num_proc=4):  36%|███▌      | 6528/18384 [00:04<00:03, 3099.97 examples/s]Map (num_proc=4):  37%|███▋      | 6865/18384 [00:04<00:03, 2926.36 examples/s]Map (num_proc=4):  39%|███▉      | 7178/18384 [00:04<00:03, 2969.35 examples/s]Map (num_proc=4):  41%|████      | 7493/18384 [00:04<00:03, 3012.83 examples/s]Map (num_proc=4):  43%|████▎     | 7836/18384 [00:04<00:03, 3016.70 examples/s]Map (num_proc=4):  44%|████▍     | 8150/18384 [00:04<00:04, 2474.70 examples/s]Map (num_proc=4):  46%|████▌     | 8440/18384 [00:04<00:03, 2571.52 examples/s]Map (num_proc=4):  48%|████▊     | 8737/18384 [00:04<00:03, 2658.54 examples/s]Map (num_proc=4):  49%|████▉     | 9046/18384 [00:05<00:03, 2759.35 examples/s]Map (num_proc=4):  51%|█████     | 9346/18384 [00:05<00:03, 2815.48 examples/s]Map (num_proc=4):  52%|█████▏    | 9638/18384 [00:05<00:03, 2833.54 examples/s]Map (num_proc=4):  54%|█████▍    | 9944/18384 [00:05<00:02, 2892.21 examples/s]Map (num_proc=4):  56%|█████▌    | 10250/18384 [00:05<00:02, 2928.31 examples/s]Map (num_proc=4):  57%|█████▋    | 10562/18384 [00:05<00:02, 2975.50 examples/s]Map (num_proc=4):  59%|█████▉    | 10870/18384 [00:05<00:02, 2996.14 examples/s]Map (num_proc=4):  61%|██████    | 11199/18384 [00:05<00:02, 2765.93 examples/s]Map (num_proc=4):  63%|██████▎   | 11491/18384 [00:05<00:02, 2798.07 examples/s]Map (num_proc=4):  64%|██████▍   | 11798/18384 [00:05<00:02, 2858.53 examples/s]Map (num_proc=4):  66%|██████▌   | 12113/18384 [00:06<00:02, 2363.92 examples/s]Map (num_proc=4):  67%|██████▋   | 12409/18384 [00:06<00:02, 2497.55 examples/s]Map (num_proc=4):  69%|██████▉   | 12712/18384 [00:06<00:02, 2623.09 examples/s]Map (num_proc=4):  71%|███████   | 13022/18384 [00:06<00:01, 2746.64 examples/s]Map (num_proc=4):  73%|███████▎  | 13340/18384 [00:06<00:01, 2850.86 examples/s]Map (num_proc=4):  74%|███████▍  | 13652/18384 [00:06<00:01, 2915.51 examples/s]Map (num_proc=4):  76%|███████▌  | 13983/18384 [00:06<00:01, 2922.51 examples/s]Map (num_proc=4):  78%|███████▊  | 14297/18384 [00:06<00:01, 2978.62 examples/s]Map (num_proc=4):  80%|███████▉  | 14621/18384 [00:07<00:01, 2814.09 examples/s]Map (num_proc=4):  81%|████████  | 14921/18384 [00:07<00:01, 2861.97 examples/s]Map (num_proc=4):  83%|████████▎ | 15226/18384 [00:07<00:01, 2910.67 examples/s]Map (num_proc=4):  85%|████████▍ | 15558/18384 [00:07<00:00, 2954.81 examples/s]Map (num_proc=4):  86%|████████▋ | 15871/18384 [00:07<00:00, 2997.18 examples/s]Map (num_proc=4):  88%|████████▊ | 16186/18384 [00:07<00:00, 2299.21 examples/s]Map (num_proc=4):  90%|████████▉ | 16490/18384 [00:07<00:00, 2465.91 examples/s]Map (num_proc=4):  91%|█████████▏| 16806/18384 [00:07<00:00, 2632.68 examples/s]Map (num_proc=4):  93%|█████████▎| 17118/18384 [00:07<00:00, 2754.07 examples/s]Map (num_proc=4):  95%|█████████▍| 17435/18384 [00:08<00:00, 2854.21 examples/s]Map (num_proc=4):  96%|█████████▋| 17740/18384 [00:08<00:00, 2901.41 examples/s]Map (num_proc=4):  98%|█████████▊| 18050/18384 [00:08<00:00, 2942.12 examples/s]Map (num_proc=4): 100%|█████████▉| 18367/18384 [00:09<00:00, 916.29 examples/s]                                                                                Map (num_proc=4):   0%|          | 0/4019 [00:00<?, ? examples/s]Map (num_proc=4):   0%|          | 1/4019 [00:01<1:22:53,  1.24s/ examples]Map (num_proc=4):   5%|▌         | 217/4019 [00:01<00:16, 224.11 examples/s]Map (num_proc=4):  12%|█▏        | 479/4019 [00:01<00:06, 532.38 examples/s]Map (num_proc=4):  19%|█▉        | 763/4019 [00:01<00:03, 888.99 examples/s]Map (num_proc=4):  26%|██▋       | 1059/4019 [00:01<00:02, 1262.14 examples/s]Map (num_proc=4):  34%|███▎      | 1351/4019 [00:01<00:01, 1599.50 examples/s]Map (num_proc=4):  41%|████      | 1644/4019 [00:01<00:01, 1898.15 examples/s]Map (num_proc=4):  48%|████▊     | 1918/4019 [00:01<00:01, 2098.06 examples/s]Map (num_proc=4):  55%|█████▌    | 2215/4019 [00:02<00:00, 2321.67 examples/s]Map (num_proc=4):  63%|██████▎   | 2513/4019 [00:02<00:00, 2488.66 examples/s]Map (num_proc=4):  70%|███████   | 2824/4019 [00:02<00:00, 2651.76 examples/s]Map (num_proc=4):  78%|███████▊  | 3129/4019 [00:02<00:00, 2757.45 examples/s]Map (num_proc=4):  86%|████████▌ | 3460/4019 [00:02<00:00, 2867.23 examples/s]Map (num_proc=4):  94%|█████████▍| 3796/4019 [00:02<00:00, 3002.33 examples/s]                                                                              Map (num_proc=4):   0%|          | 0/3968 [00:00<?, ? examples/s]Map (num_proc=4):   0%|          | 1/3968 [00:01<1:20:52,  1.22s/ examples]Map (num_proc=4):   5%|▌         | 211/3968 [00:01<00:17, 220.18 examples/s]Map (num_proc=4):  12%|█▏        | 466/3968 [00:01<00:06, 522.48 examples/s]Map (num_proc=4):  19%|█▉        | 765/3968 [00:01<00:03, 906.78 examples/s]Map (num_proc=4):  27%|██▋       | 1068/3968 [00:01<00:02, 1289.01 examples/s]Map (num_proc=4):  35%|███▍      | 1378/3968 [00:01<00:01, 1659.61 examples/s]Map (num_proc=4):  43%|████▎     | 1688/3968 [00:01<00:01, 1981.80 examples/s]Map (num_proc=4):  50%|████▉     | 1980/3968 [00:01<00:00, 2203.18 examples/s]Map (num_proc=4):  58%|█████▊    | 2299/3968 [00:02<00:00, 2451.65 examples/s]Map (num_proc=4):  66%|██████▌   | 2620/3968 [00:02<00:00, 2646.07 examples/s]Map (num_proc=4):  74%|███████▍  | 2940/3968 [00:02<00:00, 2794.56 examples/s]Map (num_proc=4):  82%|████████▏ | 3259/3968 [00:02<00:00, 2893.13 examples/s]Map (num_proc=4):  90%|█████████ | 3580/3968 [00:02<00:00, 2974.69 examples/s]Map (num_proc=4):  98%|█████████▊| 3899/3968 [00:02<00:00, 3026.13 examples/s]                                                                              --> Verifying data with a random sample...
Target text: beard
Input array shape: (8199,)
Sampling rate: 16000
Map (num_proc=4):   0%|          | 0/18384 [00:00<?, ? examples/s]Map (num_proc=4):   0%|          | 8/18384 [00:01<41:01,  7.46 examples/s]Map (num_proc=4):   0%|          | 24/18384 [00:01<17:25, 17.56 examples/s]Map (num_proc=4):   0%|          | 40/18384 [00:02<13:45, 22.22 examples/s]Map (num_proc=4):   0%|          | 48/18384 [00:02<11:50, 25.82 examples/s]Map (num_proc=4):   0%|          | 56/18384 [00:02<09:54, 30.83 examples/s]Map (num_proc=4):   0%|          | 72/18384 [00:02<08:22, 36.42 examples/s]Map (num_proc=4):   0%|          | 80/18384 [00:03<11:12, 27.23 examples/s]Map (num_proc=4):   0%|          | 88/18384 [00:03<10:56, 27.88 examples/s]Map (num_proc=4):   1%|          | 96/18384 [00:03<10:41, 28.49 examples/s]Map (num_proc=4):   1%|          | 112/18384 [00:03<07:34, 40.17 examples/s]Map (num_proc=4):   1%|          | 120/18384 [00:04<11:24, 26.70 examples/s]Map (num_proc=4):   1%|          | 128/18384 [00:04<10:37, 28.63 examples/s]Map (num_proc=4):   1%|          | 136/18384 [00:05<09:53, 30.72 examples/s]Map (num_proc=4):   1%|          | 144/18384 [00:05<08:41, 34.99 examples/s]Map (num_proc=4):   1%|          | 160/18384 [00:05<11:21, 26.75 examples/s]Map (num_proc=4):   1%|          | 168/18384 [00:06<10:17, 29.48 examples/s]Map (num_proc=4):   1%|          | 176/18384 [00:06<11:35, 26.18 examples/s]Map (num_proc=4):   1%|          | 184/18384 [00:06<12:05, 25.08 examples/s]Map (num_proc=4):   1%|          | 192/18384 [00:07<14:38, 20.71 examples/s]Map (num_proc=4):   1%|          | 200/18384 [00:07<12:17, 24.67 examples/s]Map (num_proc=4):   1%|          | 208/18384 [00:07<10:35, 28.58 examples/s]Map (num_proc=4):   1%|          | 216/18384 [00:08<10:30, 28.82 examples/s]Map (num_proc=4):   1%|          | 224/18384 [00:08<15:49, 19.12 examples/s]Map (num_proc=4):   1%|▏         | 232/18384 [00:09<13:42, 22.08 examples/s]Map (num_proc=4):   1%|▏         | 240/18384 [00:09<11:57, 25.30 examples/s]Map (num_proc=4):   1%|▏         | 256/18384 [00:09<08:58, 33.69 examples/s]Map (num_proc=4):   1%|▏         | 264/18384 [00:10<13:11, 22.88 examples/s]Map (num_proc=4):   2%|▏         | 280/18384 [00:10<11:40, 25.85 examples/s]Map (num_proc=4):   2%|▏         | 288/18384 [00:10<10:16, 29.37 examples/s]Map (num_proc=4):   2%|▏         | 296/18384 [00:11<13:08, 22.95 examples/s]Map (num_proc=4):   2%|▏         | 312/18384 [00:11<09:21, 32.17 examples/s]Map (num_proc=4):   2%|▏         | 320/18384 [00:12<11:56, 25.21 examples/s]Map (num_proc=4):   2%|▏         | 328/18384 [00:12<10:34, 28.48 examples/s]Map (num_proc=4):   2%|▏         | 336/18384 [00:12<08:50, 34.05 examples/s]Map (num_proc=4):   2%|▏         | 344/18384 [00:13<12:19, 24.40 examples/s]Map (num_proc=4):   2%|▏         | 360/18384 [00:13<12:53, 23.30 examples/s]Map (num_proc=4):   2%|▏         | 368/18384 [00:13<11:26, 26.24 examples/s]Map (num_proc=4):   2%|▏         | 376/18384 [00:14<09:41, 30.96 examples/s]Map (num_proc=4):   2%|▏         | 384/18384 [00:14<11:21, 26.40 examples/s]Map (num_proc=4):   2%|▏         | 392/18384 [00:14<10:56, 27.39 examples/s]Map (num_proc=4):   2%|▏         | 400/18384 [00:15<13:46, 21.76 examples/s]Map (num_proc=4):   2%|▏         | 408/18384 [00:15<11:29, 26.07 examples/s]Map (num_proc=4):   2%|▏         | 416/18384 [00:15<09:17, 32.22 examples/s]Map (num_proc=4):   2%|▏         | 424/18384 [00:15<07:57, 37.58 examples/s]Map (num_proc=4):   2%|▏         | 432/18384 [00:15<07:11, 41.57 examples/s]Map (num_proc=4):   2%|▏         | 440/18384 [00:16<17:07, 17.46 examples/s]Map (num_proc=4):   2%|▏         | 456/18384 [00:17<10:18, 28.97 examples/s]Map (num_proc=4):   3%|▎         | 464/18384 [00:17<08:45, 34.12 examples/s]Map (num_proc=4):   3%|▎         | 472/18384 [00:17<10:05, 29.57 examples/s]Map (num_proc=4):   3%|▎         | 480/18384 [00:18<12:49, 23.28 examples/s]Map (num_proc=4):   3%|▎         | 488/18384 [00:18<11:19, 26.34 examples/s]Map (num_proc=4):   3%|▎         | 496/18384 [00:18<09:27, 31.53 examples/s]Map (num_proc=4):   3%|▎         | 504/18384 [00:18<08:50, 33.68 examples/s]Map (num_proc=4):   3%|▎         | 512/18384 [00:19<11:43, 25.42 examples/s]Map (num_proc=4):   3%|▎         | 520/18384 [00:19<12:34, 23.69 examples/s]Map (num_proc=4):   3%|▎         | 528/18384 [00:20<14:02, 21.18 examples/s]Map (num_proc=4):   3%|▎         | 536/18384 [00:20<11:37, 25.59 examples/s]Map (num_proc=4):   3%|▎         | 552/18384 [00:20<07:42, 38.55 examples/s]Map (num_proc=4):   3%|▎         | 560/18384 [00:20<07:44, 38.36 examples/s]Map (num_proc=4):   3%|▎         | 568/18384 [00:21<15:31, 19.14 examples/s]Map (num_proc=4):   3%|▎         | 576/18384 [00:21<12:56, 22.93 examples/s]Map (num_proc=4):   3%|▎         | 592/18384 [00:21<08:09, 36.34 examples/s]Map (num_proc=4):   3%|▎         | 600/18384 [00:22<15:35, 19.02 examples/s]Map (num_proc=4):   3%|▎         | 616/18384 [00:23<10:31, 28.13 examples/s]Map (num_proc=4):   3%|▎         | 624/18384 [00:23<11:17, 26.22 examples/s]Map (num_proc=4):   3%|▎         | 632/18384 [00:23<09:39, 30.61 examples/s]Map (num_proc=4):   3%|▎         | 640/18384 [00:24<12:17, 24.07 examples/s]Map (num_proc=4):   4%|▎         | 648/18384 [00:24<10:05, 29.29 examples/s]Map (num_proc=4):   4%|▎         | 664/18384 [00:24<09:13, 32.03 examples/s]Map (num_proc=4):   4%|▎         | 672/18384 [00:25<13:25, 21.99 examples/s]Map (num_proc=4):   4%|▎         | 680/18384 [00:25<12:37, 23.38 examples/s]Map (num_proc=4):   4%|▍         | 696/18384 [00:26<10:24, 28.30 examples/s]Map (num_proc=4):   4%|▍         | 704/18384 [00:26<15:33, 18.94 examples/s]Map (num_proc=4):   4%|▍         | 712/18384 [00:27<14:39, 20.10 examples/s]Map (num_proc=4):   4%|▍         | 728/18384 [00:27<09:33, 30.80 examples/s]Map (num_proc=4):   4%|▍         | 736/18384 [00:27<08:17, 35.49 examples/s]Map (num_proc=4):   4%|▍         | 744/18384 [00:28<12:19, 23.86 examples/s]Map (num_proc=4):   4%|▍         | 752/18384 [00:28<13:39, 21.52 examples/s]Map (num_proc=4):   4%|▍         | 760/18384 [00:28<11:43, 25.04 examples/s]Map (num_proc=4):   4%|▍         | 784/18384 [00:29<12:40, 23.15 examples/s]Map (num_proc=4):   4%|▍         | 800/18384 [00:30<09:45, 30.01 examples/s]Map (num_proc=4):   4%|▍         | 816/18384 [00:30<08:17, 35.33 examples/s]Map (num_proc=4):   4%|▍         | 824/18384 [00:31<13:24, 21.83 examples/s]Map (num_proc=4):   5%|▍         | 832/18384 [00:31<11:59, 24.38 examples/s]Map (num_proc=4):   5%|▍         | 848/18384 [00:31<08:40, 33.66 examples/s]Map (num_proc=4):   5%|▍         | 856/18384 [00:32<11:59, 24.37 examples/s]Map (num_proc=4):   5%|▍         | 864/18384 [00:33<14:45, 19.77 examples/s]Map (num_proc=4):   5%|▍         | 888/18384 [00:34<12:49, 22.74 examples/s]Map (num_proc=4):   5%|▍         | 896/18384 [00:34<11:45, 24.79 examples/s]Map (num_proc=4):   5%|▍         | 904/18384 [00:34<10:32, 27.62 examples/s]Map (num_proc=4):   5%|▍         | 912/18384 [00:34<10:07, 28.76 examples/s]Map (num_proc=4):   5%|▌         | 920/18384 [00:35<12:05, 24.06 examples/s]Map (num_proc=4):   5%|▌         | 928/18384 [00:35<10:26, 27.88 examples/s]Map (num_proc=4):   5%|▌         | 936/18384 [00:35<12:04, 24.08 examples/s]Map (num_proc=4):   5%|▌         | 944/18384 [00:36<13:37, 21.33 examples/s]Map (num_proc=4):   5%|▌         | 952/18384 [00:36<11:11, 25.98 examples/s]Map (num_proc=4):   5%|▌         | 968/18384 [00:36<07:56, 36.57 examples/s]Map (num_proc=4):   5%|▌         | 976/18384 [00:36<08:53, 32.65 examples/s]Map (num_proc=4):   5%|▌         | 984/18384 [00:37<13:10, 22.00 examples/s]Map (num_proc=4):   5%|▌         | 1000/18384 [00:37<08:37, 33.59 examples/s]Map (num_proc=4):   5%|▌         | 1008/18384 [00:38<10:16, 28.20 examples/s]Map (num_proc=4):   6%|▌         | 1016/18384 [00:38<13:55, 20.80 examples/s]Map (num_proc=4):   6%|▌         | 1024/18384 [00:39<11:34, 25.01 examples/s]Map (num_proc=4):   6%|▌         | 1040/18384 [00:39<11:38, 24.81 examples/s]Map (num_proc=4):   6%|▌         | 1048/18384 [00:40<12:29, 23.14 examples/s]Map (num_proc=4):   6%|▌         | 1056/18384 [00:40<10:58, 26.33 examples/s]Map (num_proc=4):   6%|▌         | 1064/18384 [00:40<09:23, 30.72 examples/s]Map (num_proc=4):   6%|▌         | 1072/18384 [00:40<09:49, 29.38 examples/s]Map (num_proc=4):   6%|▌         | 1080/18384 [00:41<11:23, 25.33 examples/s]Map (num_proc=4):   6%|▌         | 1088/18384 [00:41<10:23, 27.74 examples/s]Map (num_proc=4):   6%|▌         | 1096/18384 [00:42<15:25, 18.67 examples/s]Map (num_proc=4):   6%|▌         | 1112/18384 [00:42<09:14, 31.15 examples/s]Map (num_proc=4):   6%|▌         | 1120/18384 [00:42<13:13, 21.76 examples/s]Map (num_proc=4):   6%|▌         | 1128/18384 [00:43<14:17, 20.12 examples/s]Map (num_proc=4):   6%|▋         | 1152/18384 [00:44<10:34, 27.14 examples/s]Map (num_proc=4):   6%|▋         | 1160/18384 [00:44<09:57, 28.83 examples/s]Map (num_proc=4):   6%|▋         | 1168/18384 [00:44<11:36, 24.71 examples/s]Map (num_proc=4):   6%|▋         | 1176/18384 [00:45<11:17, 25.42 examples/s]Map (num_proc=4):   6%|▋         | 1184/18384 [00:45<11:57, 23.98 examples/s]Map (num_proc=4):   7%|▋         | 1200/18384 [00:46<11:50, 24.19 examples/s]Map (num_proc=4):   7%|▋         | 1208/18384 [00:46<11:21, 25.21 examples/s]Map (num_proc=4):   7%|▋         | 1216/18384 [00:46<12:29, 22.92 examples/s]Map (num_proc=4):   7%|▋         | 1232/18384 [00:47<11:32, 24.77 examples/s]Map (num_proc=4):   7%|▋         | 1248/18384 [00:47<11:33, 24.72 examples/s]Map (num_proc=4):   7%|▋         | 1256/18384 [00:48<13:37, 20.95 examples/s]Map (num_proc=4):   7%|▋         | 1272/18384 [00:48<10:17, 27.73 examples/s]Map (num_proc=4):   7%|▋         | 1280/18384 [00:49<11:30, 24.76 examples/s]Map (num_proc=4):   7%|▋         | 1288/18384 [00:50<14:55, 19.08 examples/s]Map (num_proc=4):   7%|▋         | 1312/18384 [00:50<11:45, 24.21 examples/s]Map (num_proc=4):   7%|▋         | 1320/18384 [00:51<11:25, 24.89 examples/s]Map (num_proc=4):   7%|▋         | 1328/18384 [00:51<11:27, 24.83 examples/s]Map (num_proc=4):   7%|▋         | 1336/18384 [00:51<12:51, 22.09 examples/s]Map (num_proc=4):   7%|▋         | 1344/18384 [00:52<13:01, 21.80 examples/s]Map (num_proc=4):   7%|▋         | 1352/18384 [00:52<10:51, 26.13 examples/s]Map (num_proc=4):   7%|▋         | 1360/18384 [00:52<09:19, 30.44 examples/s]Map (num_proc=4):   7%|▋         | 1368/18384 [00:53<15:14, 18.60 examples/s]Map (num_proc=4):   8%|▊         | 1384/18384 [00:53<12:00, 23.60 examples/s]Map (num_proc=4):   8%|▊         | 1392/18384 [00:53<10:25, 27.15 examples/s]Map (num_proc=4):   8%|▊         | 1400/18384 [00:54<12:49, 22.06 examples/s]Map (num_proc=4):   8%|▊         | 1408/18384 [00:54<11:30, 24.60 examples/s]Map (num_proc=4):   8%|▊         | 1416/18384 [00:55<11:32, 24.51 examples/s]Map (num_proc=4):   8%|▊         | 1424/18384 [00:55<11:35, 24.40 examples/s]Map (num_proc=4):   8%|▊         | 1432/18384 [00:55<11:51, 23.83 examples/s]Map (num_proc=4):   8%|▊         | 1448/18384 [00:56<11:15, 25.05 examples/s]Map (num_proc=4):   8%|▊         | 1456/18384 [00:56<09:57, 28.33 examples/s]Map (num_proc=4):   8%|▊         | 1464/18384 [00:57<13:18, 21.20 examples/s]Map (num_proc=4):   8%|▊         | 1472/18384 [00:57<11:58, 23.54 examples/s]Map (num_proc=4):   8%|▊         | 1488/18384 [00:58<11:34, 24.32 examples/s]Map (num_proc=4):   8%|▊         | 1496/18384 [00:58<11:29, 24.51 examples/s]Map (num_proc=4):   8%|▊         | 1504/18384 [00:58<11:04, 25.41 examples/s]Map (num_proc=4):   8%|▊         | 1512/18384 [00:58<10:14, 27.47 examples/s]Map (num_proc=4):   8%|▊         | 1520/18384 [00:59<15:16, 18.39 examples/s]Map (num_proc=4):   8%|▊         | 1528/18384 [00:59<12:22, 22.71 examples/s]Map (num_proc=4):   8%|▊         | 1536/18384 [01:00<11:33, 24.31 examples/s]Map (num_proc=4):   8%|▊         | 1552/18384 [01:01<13:18, 21.08 examples/s]Map (num_proc=4):   9%|▊         | 1568/18384 [01:01<11:32, 24.28 examples/s]Map (num_proc=4):   9%|▊         | 1584/18384 [01:02<13:05, 21.38 examples/s]Map (num_proc=4):   9%|▊         | 1592/18384 [01:02<11:19, 24.72 examples/s]Map (num_proc=4):   9%|▊         | 1600/18384 [01:03<14:15, 19.62 examples/s]Map (num_proc=4):   9%|▉         | 1616/18384 [01:03<13:49, 20.22 examples/s]Map (num_proc=4):   9%|▉         | 1624/18384 [01:04<11:40, 23.94 examples/s]Map (num_proc=4):   9%|▉         | 1640/18384 [01:04<08:32, 32.70 examples/s]Map (num_proc=4):   9%|▉         | 1648/18384 [01:05<12:47, 21.80 examples/s]Map (num_proc=4):   9%|▉         | 1656/18384 [01:05<12:24, 22.46 examples/s]Map (num_proc=4):   9%|▉         | 1672/18384 [01:05<08:09, 34.14 examples/s]Map (num_proc=4):   9%|▉         | 1680/18384 [01:06<14:46, 18.83 examples/s]Map (num_proc=4):   9%|▉         | 1688/18384 [01:06<12:06, 22.98 examples/s]Map (num_proc=4):   9%|▉         | 1696/18384 [01:07<11:16, 24.68 examples/s]Map (num_proc=4):   9%|▉         | 1704/18384 [01:07<10:58, 25.34 examples/s]Map (num_proc=4):   9%|▉         | 1712/18384 [01:07<09:13, 30.11 examples/s]Map (num_proc=4):   9%|▉         | 1720/18384 [01:07<08:35, 32.34 examples/s]Map (num_proc=4):   9%|▉         | 1728/18384 [01:08<11:28, 24.19 examples/s]Map (num_proc=4):   9%|▉         | 1736/18384 [01:08<11:23, 24.37 examples/s]Map (num_proc=4):   9%|▉         | 1744/18384 [01:08<09:03, 30.62 examples/s]Map (num_proc=4):  10%|▉         | 1752/18384 [01:08<09:21, 29.64 examples/s]Map (num_proc=4):  10%|▉         | 1760/18384 [01:09<12:29, 22.18 examples/s]Map (num_proc=4):  10%|▉         | 1784/18384 [01:10<10:42, 25.84 examples/s]Map (num_proc=4):  10%|▉         | 1792/18384 [01:10<12:13, 22.63 examples/s]Map (num_proc=4):  10%|▉         | 1800/18384 [01:10<10:41, 25.87 examples/s]Map (num_proc=4):  10%|▉         | 1808/18384 [01:11<09:30, 29.07 examples/s]Map (num_proc=4):  10%|▉         | 1816/18384 [01:11<10:35, 26.07 examples/s]Map (num_proc=4):  10%|▉         | 1832/18384 [01:12<11:20, 24.31 examples/s]Map (num_proc=4):  10%|█         | 1848/18384 [01:12<09:48, 28.09 examples/s]Map (num_proc=4):  10%|█         | 1856/18384 [01:13<12:45, 21.58 examples/s]Map (num_proc=4):  10%|█         | 1872/18384 [01:13<09:41, 28.40 examples/s]Map (num_proc=4):  10%|█         | 1880/18384 [01:13<09:58, 27.57 examples/s]Map (num_proc=4):  10%|█         | 1888/18384 [01:14<08:47, 31.25 examples/s]Map (num_proc=4):  10%|█         | 1896/18384 [01:14<07:50, 35.03 examples/s]Map (num_proc=4):  10%|█         | 1904/18384 [01:14<10:53, 25.20 examples/s]Map (num_proc=4):  10%|█         | 1912/18384 [01:14<09:36, 28.58 examples/s]Map (num_proc=4):  10%|█         | 1920/18384 [01:15<10:21, 26.47 examples/s]Map (num_proc=4):  11%|█         | 1936/18384 [01:15<10:01, 27.33 examples/s]Map (num_proc=4):  11%|█         | 1944/18384 [01:16<09:27, 28.96 examples/s]Map (num_proc=4):  11%|█         | 1952/18384 [01:16<08:17, 33.00 examples/s]Map (num_proc=4):  11%|█         | 1960/18384 [01:16<11:32, 23.73 examples/s]Map (num_proc=4):  11%|█         | 1976/18384 [01:17<07:45, 35.23 examples/s]Map (num_proc=4):  11%|█         | 1984/18384 [01:17<07:23, 36.98 examples/s]Map (num_proc=4):  11%|█         | 1992/18384 [01:18<14:03, 19.44 examples/s]Map (num_proc=4):  11%|█         | 2000/18384 [01:18<12:01, 22.71 examples/s]Map (num_proc=4):  11%|█         | 2024/18384 [01:19<14:23, 18.94 examples/s]Map (num_proc=4):  11%|█         | 2040/18384 [01:19<10:19, 26.39 examples/s]Map (num_proc=4):  11%|█         | 2048/18384 [01:20<08:59, 30.26 examples/s]Map (num_proc=4):  11%|█         | 2056/18384 [01:21<14:40, 18.54 examples/s]Map (num_proc=4):  11%|█▏        | 2072/18384 [01:21<10:38, 25.54 examples/s]Map (num_proc=4):  11%|█▏        | 2080/18384 [01:21<10:07, 26.82 examples/s]Map (num_proc=4):  11%|█▏        | 2088/18384 [01:22<10:57, 24.79 examples/s]Map (num_proc=4):  11%|█▏        | 2096/18384 [01:22<12:18, 22.05 examples/s]Map (num_proc=4):  11%|█▏        | 2112/18384 [01:22<09:15, 29.28 examples/s]Map (num_proc=4):  12%|█▏        | 2120/18384 [01:23<12:02, 22.52 examples/s]Map (num_proc=4):  12%|█▏        | 2128/18384 [01:23<11:19, 23.94 examples/s]Map (num_proc=4):  12%|█▏        | 2144/18384 [01:24<11:06, 24.38 examples/s]Map (num_proc=4):  12%|█▏        | 2152/18384 [01:24<13:05, 20.67 examples/s]Map (num_proc=4):  12%|█▏        | 2168/18384 [01:25<10:04, 26.81 examples/s]Map (num_proc=4):  12%|█▏        | 2176/18384 [01:25<12:07, 22.27 examples/s]Map (num_proc=4):  12%|█▏        | 2184/18384 [01:26<14:10, 19.04 examples/s]Map (num_proc=4):  12%|█▏        | 2200/18384 [01:26<10:05, 26.75 examples/s]Map (num_proc=4):  12%|█▏        | 2208/18384 [01:27<12:44, 21.15 examples/s]Map (num_proc=4):  12%|█▏        | 2216/18384 [01:27<12:39, 21.28 examples/s]Map (num_proc=4):  12%|█▏        | 2224/18384 [01:27<10:35, 25.43 examples/s]Map (num_proc=4):  12%|█▏        | 2232/18384 [01:27<08:45, 30.71 examples/s]Map (num_proc=4):  12%|█▏        | 2240/18384 [01:28<14:08, 19.03 examples/s]Map (num_proc=4):  12%|█▏        | 2248/18384 [01:29<14:08, 19.01 examples/s]Map (num_proc=4):  12%|█▏        | 2272/18384 [01:29<10:19, 26.01 examples/s]Map (num_proc=4):  12%|█▏        | 2280/18384 [01:30<12:27, 21.55 examples/s]Map (num_proc=4):  12%|█▏        | 2296/18384 [01:30<09:07, 29.41 examples/s]Map (num_proc=4):  13%|█▎        | 2304/18384 [01:30<09:27, 28.33 examples/s]Map (num_proc=4):  13%|█▎        | 2312/18384 [01:31<14:09, 18.92 examples/s]Map (num_proc=4):  13%|█▎        | 2328/18384 [01:32<10:11, 26.27 examples/s]Map (num_proc=4):  13%|█▎        | 2336/18384 [01:32<09:26, 28.33 examples/s]Map (num_proc=4):  13%|█▎        | 2344/18384 [01:33<16:03, 16.65 examples/s]Map (num_proc=4):  13%|█▎        | 2360/18384 [01:33<11:10, 23.91 examples/s]Map (num_proc=4):  13%|█▎        | 2368/18384 [01:33<09:52, 27.05 examples/s]Map (num_proc=4):  13%|█▎        | 2376/18384 [01:34<14:55, 17.87 examples/s]Map (num_proc=4):  13%|█▎        | 2384/18384 [01:34<12:05, 22.06 examples/s]Map (num_proc=4):  13%|█▎        | 2392/18384 [01:35<13:17, 20.04 examples/s]Map (num_proc=4):  13%|█▎        | 2408/18384 [01:35<10:46, 24.72 examples/s]Map (num_proc=4):  13%|█▎        | 2416/18384 [01:36<13:46, 19.31 examples/s]Map (num_proc=4):  13%|█▎        | 2424/18384 [01:36<12:04, 22.04 examples/s]Map (num_proc=4):  13%|█▎        | 2432/18384 [01:37<12:38, 21.04 examples/s]Map (num_proc=4):  13%|█▎        | 2448/18384 [01:37<11:38, 22.80 examples/s]Map (num_proc=4):  13%|█▎        | 2456/18384 [01:38<11:40, 22.73 examples/s]Map (num_proc=4):  13%|█▎        | 2464/18384 [01:38<12:10, 21.78 examples/s]Map (num_proc=4):  13%|█▎        | 2480/18384 [01:38<07:52, 33.67 examples/s]Map (num_proc=4):  14%|█▎        | 2488/18384 [01:39<11:55, 22.21 examples/s]Map (num_proc=4):  14%|█▎        | 2504/18384 [01:40<11:13, 23.58 examples/s]Map (num_proc=4):  14%|█▎        | 2520/18384 [01:40<08:21, 31.66 examples/s]Map (num_proc=4):  14%|█▍        | 2528/18384 [01:40<09:06, 29.01 examples/s]Map (num_proc=4):  14%|█▍        | 2536/18384 [01:41<13:56, 18.95 examples/s]Map (num_proc=4):  14%|█▍        | 2560/18384 [01:41<08:36, 30.62 examples/s]Map (num_proc=4):  14%|█▍        | 2568/18384 [01:42<09:40, 27.24 examples/s]Map (num_proc=4):  14%|█▍        | 2576/18384 [01:42<10:52, 24.21 examples/s]Map (num_proc=4):  14%|█▍        | 2584/18384 [01:42<09:23, 28.05 examples/s]Map (num_proc=4):  14%|█▍        | 2592/18384 [01:43<09:37, 27.35 examples/s]Map (num_proc=4):  14%|█▍        | 2600/18384 [01:43<09:04, 29.00 examples/s]Map (num_proc=4):  14%|█▍        | 2608/18384 [01:43<11:14, 23.39 examples/s]Map (num_proc=4):  14%|█▍        | 2616/18384 [01:44<11:39, 22.55 examples/s]Map (num_proc=4):  14%|█▍        | 2624/18384 [01:44<11:14, 23.36 examples/s]Map (num_proc=4):  14%|█▍        | 2632/18384 [01:44<09:43, 27.00 examples/s]Map (num_proc=4):  14%|█▍        | 2648/18384 [01:45<11:18, 23.20 examples/s]Map (num_proc=4):  14%|█▍        | 2656/18384 [01:46<11:48, 22.19 examples/s]Map (num_proc=4):  15%|█▍        | 2672/18384 [01:46<09:25, 27.79 examples/s]Map (num_proc=4):  15%|█▍        | 2680/18384 [01:46<10:48, 24.23 examples/s]Map (num_proc=4):  15%|█▍        | 2688/18384 [01:47<12:59, 20.15 examples/s]Map (num_proc=4):  15%|█▍        | 2696/18384 [01:47<11:50, 22.09 examples/s]Map (num_proc=4):  15%|█▍        | 2704/18384 [01:47<09:56, 26.30 examples/s]Map (num_proc=4):  15%|█▍        | 2712/18384 [01:48<10:49, 24.13 examples/s]Map (num_proc=4):  15%|█▍        | 2720/18384 [01:48<11:34, 22.56 examples/s]Map (num_proc=4):  15%|█▍        | 2728/18384 [01:49<12:23, 21.06 examples/s]Map (num_proc=4):  15%|█▍        | 2736/18384 [01:49<10:21, 25.18 examples/s]Map (num_proc=4):  15%|█▍        | 2744/18384 [01:49<10:38, 24.50 examples/s]Map (num_proc=4):  15%|█▌        | 2760/18384 [01:50<10:40, 24.38 examples/s]Map (num_proc=4):  15%|█▌        | 2768/18384 [01:50<10:15, 25.39 examples/s]Map (num_proc=4):  15%|█▌        | 2776/18384 [01:51<13:27, 19.34 examples/s]Map (num_proc=4):  15%|█▌        | 2792/18384 [01:51<08:37, 30.13 examples/s]Map (num_proc=4):  15%|█▌        | 2800/18384 [01:51<09:57, 26.08 examples/s]Map (num_proc=4):  15%|█▌        | 2808/18384 [01:52<13:13, 19.62 examples/s]Map (num_proc=4):  15%|█▌        | 2816/18384 [01:52<11:05, 23.39 examples/s]Map (num_proc=4):  15%|█▌        | 2824/18384 [01:52<09:50, 26.36 examples/s]Map (num_proc=4):  15%|█▌        | 2832/18384 [01:53<08:30, 30.49 examples/s]Map (num_proc=4):  15%|█▌        | 2840/18384 [01:53<11:59, 21.60 examples/s]Map (num_proc=4):  15%|█▌        | 2848/18384 [01:54<13:17, 19.47 examples/s]Map (num_proc=4):  16%|█▌        | 2864/18384 [01:54<08:50, 29.25 examples/s]Map (num_proc=4):  16%|█▌        | 2872/18384 [01:55<11:54, 21.72 examples/s]Map (num_proc=4):  16%|█▌        | 2880/18384 [01:55<13:25, 19.26 examples/s]Map (num_proc=4):  16%|█▌        | 2896/18384 [01:55<08:56, 28.88 examples/s]Map (num_proc=4):  16%|█▌        | 2904/18384 [01:56<12:47, 20.18 examples/s]Map (num_proc=4):  16%|█▌        | 2912/18384 [01:56<10:23, 24.80 examples/s]Map (num_proc=4):  16%|█▌        | 2920/18384 [01:56<09:18, 27.66 examples/s]Map (num_proc=4):  16%|█▌        | 2936/18384 [01:58<13:44, 18.74 examples/s]Map (num_proc=4):  16%|█▌        | 2952/18384 [01:58<09:27, 27.21 examples/s]Map (num_proc=4):  16%|█▌        | 2968/18384 [01:59<10:26, 24.62 examples/s]Map (num_proc=4):  16%|█▌        | 2976/18384 [01:59<09:14, 27.76 examples/s]Map (num_proc=4):  16%|█▋        | 2992/18384 [01:59<07:52, 32.59 examples/s]Map (num_proc=4):  16%|█▋        | 3000/18384 [02:00<12:28, 20.57 examples/s]Map (num_proc=4):  16%|█▋        | 3016/18384 [02:00<08:28, 30.23 examples/s]Map (num_proc=4):  16%|█▋        | 3024/18384 [02:00<08:04, 31.71 examples/s]Map (num_proc=4):  16%|█▋        | 3032/18384 [02:01<12:35, 20.32 examples/s]Map (num_proc=4):  17%|█▋        | 3040/18384 [02:01<11:22, 22.50 examples/s]Map (num_proc=4):  17%|█▋        | 3064/18384 [02:02<10:38, 24.00 examples/s]Map (num_proc=4):  17%|█▋        | 3072/18384 [02:03<10:18, 24.77 examples/s]Map (num_proc=4):  17%|█▋        | 3088/18384 [02:03<07:57, 32.06 examples/s]Map (num_proc=4):  17%|█▋        | 3096/18384 [02:04<11:26, 22.28 examples/s]Map (num_proc=4):  17%|█▋        | 3104/18384 [02:04<10:07, 25.14 examples/s]Map (num_proc=4):  17%|█▋        | 3112/18384 [02:04<11:15, 22.61 examples/s]Map (num_proc=4):  17%|█▋        | 3128/18384 [02:05<09:58, 25.47 examples/s]Map (num_proc=4):  17%|█▋        | 3136/18384 [02:05<10:13, 24.84 examples/s]Map (num_proc=4):  17%|█▋        | 3144/18384 [02:06<11:16, 22.54 examples/s]Map (num_proc=4):  17%|█▋        | 3152/18384 [02:06<09:30, 26.69 examples/s]Map (num_proc=4):  17%|█▋        | 3160/18384 [02:06<10:55, 23.23 examples/s]Map (num_proc=4):  17%|█▋        | 3168/18384 [02:07<11:39, 21.76 examples/s]Map (num_proc=4):  17%|█▋        | 3176/18384 [02:07<12:51, 19.70 examples/s]Map (num_proc=4):  17%|█▋        | 3192/18384 [02:08<10:51, 23.33 examples/s]Map (num_proc=4):  17%|█▋        | 3200/18384 [02:08<10:29, 24.11 examples/s]Map (num_proc=4):  17%|█▋        | 3208/18384 [02:08<08:46, 28.82 examples/s]Map (num_proc=4):  17%|█▋        | 3216/18384 [02:09<11:16, 22.41 examples/s]Map (num_proc=4):  18%|█▊        | 3224/18384 [02:09<10:40, 23.66 examples/s]Map (num_proc=4):  18%|█▊        | 3232/18384 [02:09<08:46, 28.81 examples/s]Map (num_proc=4):  18%|█▊        | 3240/18384 [02:10<11:36, 21.76 examples/s]Map (num_proc=4):  18%|█▊        | 3248/18384 [02:10<10:10, 24.77 examples/s]Map (num_proc=4):  18%|█▊        | 3264/18384 [02:10<07:24, 34.03 examples/s]Map (num_proc=4):  18%|█▊        | 3272/18384 [02:11<11:04, 22.74 examples/s]Map (num_proc=4):  18%|█▊        | 3280/18384 [02:11<09:49, 25.62 examples/s]Map (num_proc=4):  18%|█▊        | 3288/18384 [02:11<09:00, 27.92 examples/s]Map (num_proc=4):  18%|█▊        | 3296/18384 [02:12<12:12, 20.60 examples/s]Map (num_proc=4):  18%|█▊        | 3304/18384 [02:12<09:59, 25.15 examples/s]Map (num_proc=4):  18%|█▊        | 3312/18384 [02:12<09:14, 27.20 examples/s]Map (num_proc=4):  18%|█▊        | 3320/18384 [02:13<10:04, 24.92 examples/s]Map (num_proc=4):  18%|█▊        | 3328/18384 [02:13<13:01, 19.26 examples/s]Map (num_proc=4):  18%|█▊        | 3336/18384 [02:14<11:11, 22.41 examples/s]Map (num_proc=4):  18%|█▊        | 3352/18384 [02:14<09:09, 27.34 examples/s]Map (num_proc=4):  18%|█▊        | 3360/18384 [02:14<10:24, 24.07 examples/s]Map (num_proc=4):  18%|█▊        | 3368/18384 [02:15<11:16, 22.20 examples/s]Map (num_proc=4):  18%|█▊        | 3376/18384 [02:15<09:28, 26.40 examples/s]Map (num_proc=4):  18%|█▊        | 3384/18384 [02:15<09:53, 25.26 examples/s]Map (num_proc=4):  18%|█▊        | 3392/18384 [02:16<11:09, 22.39 examples/s]Map (num_proc=4):  18%|█▊        | 3400/18384 [02:16<12:33, 19.88 examples/s]Map (num_proc=4):  19%|█▊        | 3408/18384 [02:17<11:00, 22.66 examples/s]Map (num_proc=4):  19%|█▊        | 3424/18384 [02:17<07:35, 32.86 examples/s]Map (num_proc=4):  19%|█▊        | 3432/18384 [02:17<08:41, 28.69 examples/s]Map (num_proc=4):  19%|█▊        | 3440/18384 [02:18<11:35, 21.48 examples/s]Map (num_proc=4):  19%|█▉        | 3448/18384 [02:18<10:34, 23.54 examples/s]Map (num_proc=4):  19%|█▉        | 3464/18384 [02:19<09:44, 25.51 examples/s]Map (num_proc=4):  19%|█▉        | 3472/18384 [02:19<10:59, 22.60 examples/s]Map (num_proc=4):  19%|█▉        | 3488/18384 [02:19<08:47, 28.26 examples/s]Map (num_proc=4):  19%|█▉        | 3496/18384 [02:20<11:16, 22.01 examples/s]Map (num_proc=4):  19%|█▉        | 3512/18384 [02:21<10:34, 23.44 examples/s]Map (num_proc=4):  19%|█▉        | 3520/18384 [02:21<11:28, 21.59 examples/s]Map (num_proc=4):  19%|█▉        | 3536/18384 [02:22<10:04, 24.54 examples/s]Map (num_proc=4):  19%|█▉        | 3544/18384 [02:22<09:29, 26.05 examples/s]Map (num_proc=4):  19%|█▉        | 3552/18384 [02:22<09:33, 25.84 examples/s]Map (num_proc=4):  19%|█▉        | 3560/18384 [02:23<10:22, 23.80 examples/s]Map (num_proc=4):  19%|█▉        | 3568/18384 [02:23<10:57, 22.52 examples/s]Map (num_proc=4):  19%|█▉        | 3584/18384 [02:24<08:56, 27.61 examples/s]Map (num_proc=4):  20%|█▉        | 3592/18384 [02:24<11:28, 21.50 examples/s]Map (num_proc=4):  20%|█▉        | 3600/18384 [02:24<11:07, 22.14 examples/s]Map (num_proc=4):  20%|█▉        | 3616/18384 [02:25<10:23, 23.67 examples/s]Map (num_proc=4):  20%|█▉        | 3632/18384 [02:26<11:06, 22.12 examples/s]Map (num_proc=4):  20%|█▉        | 3640/18384 [02:26<09:29, 25.89 examples/s]Map (num_proc=4):  20%|█▉        | 3648/18384 [02:27<11:09, 22.00 examples/s]Map (num_proc=4):  20%|█▉        | 3664/18384 [02:27<11:19, 21.65 examples/s]Map (num_proc=4):  20%|█▉        | 3672/18384 [02:27<09:48, 25.02 examples/s]Map (num_proc=4):  20%|██        | 3680/18384 [02:28<10:55, 22.44 examples/s]Map (num_proc=4):  20%|██        | 3696/18384 [02:29<11:42, 20.90 examples/s]Map (num_proc=4):  20%|██        | 3712/18384 [02:29<08:36, 28.40 examples/s]Map (num_proc=4):  20%|██        | 3720/18384 [02:30<11:07, 21.97 examples/s]Map (num_proc=4):  20%|██        | 3728/18384 [02:30<09:49, 24.87 examples/s]Map (num_proc=4):  20%|██        | 3736/18384 [02:30<09:23, 26.00 examples/s]Map (num_proc=4):  20%|██        | 3744/18384 [02:30<08:18, 29.35 examples/s]Map (num_proc=4):  20%|██        | 3752/18384 [02:31<10:51, 22.46 examples/s]Map (num_proc=4):  20%|██        | 3760/18384 [02:31<09:24, 25.90 examples/s]Map (num_proc=4):  20%|██        | 3768/18384 [02:32<11:46, 20.68 examples/s]Map (num_proc=4):  21%|██        | 3776/18384 [02:32<09:18, 26.16 examples/s]Map (num_proc=4):  21%|██        | 3784/18384 [02:32<09:50, 24.71 examples/s]Map (num_proc=4):  21%|██        | 3800/18384 [02:33<12:20, 19.70 examples/s]Map (num_proc=4):  21%|██        | 3824/18384 [02:34<08:57, 27.08 examples/s]Map (num_proc=4):  21%|██        | 3832/18384 [02:34<10:38, 22.78 examples/s]Map (num_proc=4):  21%|██        | 3840/18384 [02:34<09:09, 26.49 examples/s]Map (num_proc=4):  21%|██        | 3856/18384 [02:35<10:56, 22.12 examples/s]Map (num_proc=4):  21%|██        | 3864/18384 [02:36<10:16, 23.55 examples/s]Map (num_proc=4):  21%|██        | 3872/18384 [02:36<09:58, 24.24 examples/s]Map (num_proc=4):  21%|██        | 3888/18384 [02:37<11:41, 20.68 examples/s]Map (num_proc=4):  21%|██        | 3904/18384 [02:37<08:49, 27.37 examples/s]Map (num_proc=4):  21%|██▏       | 3912/18384 [02:37<08:30, 28.33 examples/s]Map (num_proc=4):  21%|██▏       | 3920/18384 [02:38<12:44, 18.91 examples/s]Map (num_proc=4):  21%|██▏       | 3928/18384 [02:38<11:04, 21.76 examples/s]Map (num_proc=4):  21%|██▏       | 3944/18384 [02:39<08:58, 26.83 examples/s]Map (num_proc=4):  22%|██▏       | 3960/18384 [02:39<09:27, 25.42 examples/s]Map (num_proc=4):  22%|██▏       | 3976/18384 [02:40<08:09, 29.42 examples/s]Map (num_proc=4):  22%|██▏       | 3984/18384 [02:40<08:24, 28.56 examples/s]Map (num_proc=4):  22%|██▏       | 3992/18384 [02:40<07:55, 30.27 examples/s]Map (num_proc=4):  22%|██▏       | 4000/18384 [02:41<09:06, 26.32 examples/s]Map (num_proc=4):  22%|██▏       | 4008/18384 [02:41<10:35, 22.62 examples/s]Map (num_proc=4):  22%|██▏       | 4016/18384 [02:42<09:34, 25.01 examples/s]Map (num_proc=4):  22%|██▏       | 4032/18384 [02:42<08:25, 28.39 examples/s]Map (num_proc=4):  22%|██▏       | 4040/18384 [02:43<11:30, 20.77 examples/s]Map (num_proc=4):  22%|██▏       | 4056/18384 [02:43<08:39, 27.60 examples/s]Map (num_proc=4):  22%|██▏       | 4064/18384 [02:43<07:45, 30.74 examples/s]Map (num_proc=4):  22%|██▏       | 4072/18384 [02:44<10:49, 22.04 examples/s]Map (num_proc=4):  22%|██▏       | 4080/18384 [02:44<09:55, 24.03 examples/s]Map (num_proc=4):  22%|██▏       | 4088/18384 [02:45<11:09, 21.36 examples/s]Map (num_proc=4):  22%|██▏       | 4104/18384 [02:45<09:00, 26.41 examples/s]Map (num_proc=4):  22%|██▏       | 4112/18384 [02:45<10:02, 23.70 examples/s]Map (num_proc=4):  22%|██▏       | 4120/18384 [02:46<12:03, 19.72 examples/s]Map (num_proc=4):  22%|██▏       | 4128/18384 [02:46<10:03, 23.62 examples/s]Map (num_proc=4):  22%|██▏       | 4136/18384 [02:46<08:17, 28.62 examples/s]Map (num_proc=4):  23%|██▎       | 4144/18384 [02:47<10:24, 22.81 examples/s]Map (num_proc=4):  23%|██▎       | 4152/18384 [02:47<10:33, 22.46 examples/s]Map (num_proc=4):  23%|██▎       | 4160/18384 [02:48<10:38, 22.27 examples/s]Map (num_proc=4):  23%|██▎       | 4176/18384 [02:48<11:07, 21.28 examples/s]Map (num_proc=4):  23%|██▎       | 4184/18384 [02:49<10:24, 22.75 examples/s]Map (num_proc=4):  23%|██▎       | 4200/18384 [02:49<09:32, 24.76 examples/s]Map (num_proc=4):  23%|██▎       | 4208/18384 [02:50<11:24, 20.71 examples/s]Map (num_proc=4):  23%|██▎       | 4216/18384 [02:50<09:32, 24.73 examples/s]Map (num_proc=4):  23%|██▎       | 4224/18384 [02:50<09:22, 25.15 examples/s]Map (num_proc=4):  23%|██▎       | 4232/18384 [02:51<09:23, 25.11 examples/s]Map (num_proc=4):  23%|██▎       | 4240/18384 [02:51<12:34, 18.76 examples/s]Map (num_proc=4):  23%|██▎       | 4256/18384 [02:52<10:12, 23.07 examples/s]Map (num_proc=4):  23%|██▎       | 4264/18384 [02:52<10:15, 22.93 examples/s]Map (num_proc=4):  23%|██▎       | 4272/18384 [02:52<09:23, 25.05 examples/s]Map (num_proc=4):  23%|██▎       | 4288/18384 [02:53<08:42, 26.98 examples/s]Map (num_proc=4):  23%|██▎       | 4296/18384 [02:53<10:12, 22.99 examples/s]Map (num_proc=4):  23%|██▎       | 4304/18384 [02:54<09:31, 24.65 examples/s]Map (num_proc=4):  23%|██▎       | 4320/18384 [02:55<11:08, 21.03 examples/s]Map (num_proc=4):  24%|██▎       | 4328/18384 [02:55<09:43, 24.08 examples/s]Map (num_proc=4):  24%|██▎       | 4352/18384 [02:56<10:41, 21.86 examples/s]Map (num_proc=4):  24%|██▎       | 4360/18384 [02:56<09:23, 24.87 examples/s]Map (num_proc=4):  24%|██▍       | 4384/18384 [02:57<09:34, 24.36 examples/s]Map (num_proc=4):  24%|██▍       | 4392/18384 [02:57<08:37, 27.03 examples/s]Map (num_proc=4):  24%|██▍       | 4400/18384 [02:57<07:57, 29.30 examples/s]Map (num_proc=4):  24%|██▍       | 4416/18384 [02:58<09:26, 24.67 examples/s]Map (num_proc=4):  24%|██▍       | 4424/18384 [02:59<09:43, 23.93 examples/s]Map (num_proc=4):  24%|██▍       | 4432/18384 [02:59<08:52, 26.19 examples/s]Map (num_proc=4):  24%|██▍       | 4448/18384 [03:00<09:55, 23.40 examples/s]Map (num_proc=4):  24%|██▍       | 4456/18384 [03:00<11:02, 21.04 examples/s]Map (num_proc=4):  24%|██▍       | 4464/18384 [03:00<09:45, 23.79 examples/s]Map (num_proc=4):  24%|██▍       | 4472/18384 [03:00<08:10, 28.35 examples/s]Map (num_proc=4):  24%|██▍       | 4480/18384 [03:01<11:29, 20.17 examples/s]Map (num_proc=4):  24%|██▍       | 4488/18384 [03:02<10:54, 21.25 examples/s]Map (num_proc=4):  24%|██▍       | 4496/18384 [03:02<10:51, 21.32 examples/s]Map (num_proc=4):  25%|██▍       | 4512/18384 [03:03<09:58, 23.18 examples/s]Map (num_proc=4):  25%|██▍       | 4520/18384 [03:03<09:26, 24.48 examples/s]Map (num_proc=4):  25%|██▍       | 4528/18384 [03:03<09:11, 25.12 examples/s]Map (num_proc=4):  25%|██▍       | 4536/18384 [03:03<09:46, 23.60 examples/s]Map (num_proc=4):  25%|██▍       | 4544/18384 [03:04<08:36, 26.77 examples/s]Map (num_proc=4):  25%|██▍       | 4552/18384 [03:04<09:30, 24.25 examples/s]Map (num_proc=4):  25%|██▍       | 4560/18384 [03:04<08:32, 27.00 examples/s]Map (num_proc=4):  25%|██▍       | 4568/18384 [03:05<11:40, 19.73 examples/s]Map (num_proc=4):  25%|██▍       | 4584/18384 [03:06<10:21, 22.22 examples/s]Map (num_proc=4):  25%|██▌       | 4600/18384 [03:06<08:55, 25.74 examples/s]Map (num_proc=4):  25%|██▌       | 4608/18384 [03:07<10:02, 22.88 examples/s]Map (num_proc=4):  25%|██▌       | 4624/18384 [03:07<10:12, 22.46 examples/s]Map (num_proc=4):  25%|██▌       | 4632/18384 [03:07<08:46, 26.10 examples/s]Map (num_proc=4):  25%|██▌       | 4640/18384 [03:08<09:45, 23.48 examples/s]Map (num_proc=4):  25%|██▌       | 4648/18384 [03:08<08:22, 27.32 examples/s]Map (num_proc=4):  25%|██▌       | 4656/18384 [03:09<10:21, 22.08 examples/s]Map (num_proc=4):  25%|██▌       | 4664/18384 [03:09<08:39, 26.39 examples/s]Map (num_proc=4):  25%|██▌       | 4672/18384 [03:09<07:20, 31.09 examples/s]Map (num_proc=4):  25%|██▌       | 4680/18384 [03:10<11:40, 19.57 examples/s]Map (num_proc=4):  26%|██▌       | 4688/18384 [03:10<09:50, 23.18 examples/s]Map (num_proc=4):  26%|██▌       | 4696/18384 [03:10<10:47, 21.15 examples/s]Map (num_proc=4):  26%|██▌       | 4712/18384 [03:10<07:02, 32.33 examples/s]Map (num_proc=4):  26%|██▌       | 4720/18384 [03:11<10:29, 21.70 examples/s]Map (num_proc=4):  26%|██▌       | 4728/18384 [03:12<10:17, 22.10 examples/s]Map (num_proc=4):  26%|██▌       | 4744/18384 [03:12<07:39, 29.66 examples/s]Map (num_proc=4):  26%|██▌       | 4752/18384 [03:12<09:09, 24.81 examples/s]Map (num_proc=4):  26%|██▌       | 4760/18384 [03:13<10:14, 22.15 examples/s]Map (num_proc=4):  26%|██▌       | 4776/18384 [03:13<07:55, 28.62 examples/s]Map (num_proc=4):  26%|██▌       | 4784/18384 [03:14<09:10, 24.69 examples/s]Map (num_proc=4):  26%|██▌       | 4792/18384 [03:14<10:24, 21.75 examples/s]Map (num_proc=4):  26%|██▌       | 4800/18384 [03:14<08:38, 26.20 examples/s]Map (num_proc=4):  26%|██▌       | 4808/18384 [03:15<08:31, 26.54 examples/s]Map (num_proc=4):  26%|██▌       | 4816/18384 [03:15<10:37, 21.27 examples/s]Map (num_proc=4):  26%|██▌       | 4824/18384 [03:15<10:47, 20.93 examples/s]Map (num_proc=4):  26%|██▋       | 4840/18384 [03:16<08:05, 27.90 examples/s]Map (num_proc=4):  26%|██▋       | 4848/18384 [03:17<11:21, 19.87 examples/s]Map (num_proc=4):  26%|██▋       | 4856/18384 [03:17<09:51, 22.86 examples/s]Map (num_proc=4):  27%|██▋       | 4872/18384 [03:17<08:08, 27.64 examples/s]Map (num_proc=4):  27%|██▋       | 4880/18384 [03:18<09:53, 22.77 examples/s]Map (num_proc=4):  27%|██▋       | 4888/18384 [03:18<11:35, 19.41 examples/s]Map (num_proc=4):  27%|██▋       | 4904/18384 [03:19<08:03, 27.90 examples/s]Map (num_proc=4):  27%|██▋       | 4912/18384 [03:19<10:46, 20.84 examples/s]Map (num_proc=4):  27%|██▋       | 4920/18384 [03:19<09:07, 24.60 examples/s]Map (num_proc=4):  27%|██▋       | 4928/18384 [03:20<08:22, 26.77 examples/s]Map (num_proc=4):  27%|██▋       | 4936/18384 [03:20<08:03, 27.84 examples/s]Map (num_proc=4):  27%|██▋       | 4944/18384 [03:21<12:30, 17.91 examples/s]Map (num_proc=4):  27%|██▋       | 4952/18384 [03:21<09:59, 22.39 examples/s]Map (num_proc=4):  27%|██▋       | 4960/18384 [03:21<08:44, 25.59 examples/s]Map (num_proc=4):  27%|██▋       | 4968/18384 [03:21<07:53, 28.35 examples/s]Map (num_proc=4):  27%|██▋       | 4976/18384 [03:22<13:14, 16.87 examples/s]Map (num_proc=4):  27%|██▋       | 4992/18384 [03:22<08:39, 25.79 examples/s]Map (num_proc=4):  27%|██▋       | 5008/18384 [03:24<11:31, 19.34 examples/s]Map (num_proc=4):  27%|██▋       | 5016/18384 [03:24<09:58, 22.35 examples/s]Map (num_proc=4):  27%|██▋       | 5032/18384 [03:24<07:38, 29.09 examples/s]Map (num_proc=4):  27%|██▋       | 5040/18384 [03:25<09:26, 23.56 examples/s]Map (num_proc=4):  27%|██▋       | 5048/18384 [03:25<07:52, 28.20 examples/s]Map (num_proc=4):  28%|██▊       | 5056/18384 [03:25<09:09, 24.27 examples/s]Map (num_proc=4):  28%|██▊       | 5064/18384 [03:25<08:24, 26.41 examples/s]Map (num_proc=4):  28%|██▊       | 5072/18384 [03:26<12:13, 18.14 examples/s]Map (num_proc=4):  28%|██▊       | 5088/18384 [03:26<08:01, 27.60 examples/s]Map (num_proc=4):  28%|██▊       | 5096/18384 [03:27<08:13, 26.94 examples/s]Map (num_proc=4):  28%|██▊       | 5104/18384 [03:28<11:59, 18.46 examples/s]Map (num_proc=4):  28%|██▊       | 5112/18384 [03:28<09:46, 22.62 examples/s]Map (num_proc=4):  28%|██▊       | 5128/18384 [03:28<08:47, 25.12 examples/s]Map (num_proc=4):  28%|██▊       | 5136/18384 [03:29<11:25, 19.34 examples/s]Map (num_proc=4):  28%|██▊       | 5144/18384 [03:29<09:25, 23.43 examples/s]Map (num_proc=4):  28%|██▊       | 5152/18384 [03:29<07:54, 27.89 examples/s]Map (num_proc=4):  28%|██▊       | 5160/18384 [03:30<08:34, 25.72 examples/s]Map (num_proc=4):  28%|██▊       | 5168/18384 [03:31<13:17, 16.58 examples/s]Map (num_proc=4):  28%|██▊       | 5184/18384 [03:31<08:48, 24.99 examples/s]Map (num_proc=4):  28%|██▊       | 5192/18384 [03:31<07:55, 27.72 examples/s]Map (num_proc=4):  28%|██▊       | 5200/18384 [03:32<12:59, 16.91 examples/s]Map (num_proc=4):  28%|██▊       | 5216/18384 [03:32<08:32, 25.69 examples/s]Map (num_proc=4):  28%|██▊       | 5224/18384 [03:32<07:41, 28.51 examples/s]Map (num_proc=4):  28%|██▊       | 5232/18384 [03:33<11:14, 19.49 examples/s]Map (num_proc=4):  29%|██▊       | 5240/18384 [03:33<10:36, 20.66 examples/s]Map (num_proc=4):  29%|██▊       | 5256/18384 [03:34<07:57, 27.49 examples/s]Map (num_proc=4):  29%|██▊       | 5264/18384 [03:34<07:29, 29.20 examples/s]Map (num_proc=4):  29%|██▊       | 5272/18384 [03:35<10:24, 20.98 examples/s]Map (num_proc=4):  29%|██▊       | 5280/18384 [03:35<09:54, 22.04 examples/s]Map (num_proc=4):  29%|██▉       | 5288/18384 [03:35<08:24, 25.98 examples/s]Map (num_proc=4):  29%|██▉       | 5304/18384 [03:35<05:58, 36.48 examples/s]Map (num_proc=4):  29%|██▉       | 5312/18384 [03:36<11:32, 18.88 examples/s]Map (num_proc=4):  29%|██▉       | 5328/18384 [03:37<08:08, 26.75 examples/s]Map (num_proc=4):  29%|██▉       | 5336/18384 [03:37<07:01, 30.98 examples/s]Map (num_proc=4):  29%|██▉       | 5344/18384 [03:38<11:07, 19.53 examples/s]Map (num_proc=4):  29%|██▉       | 5352/18384 [03:38<09:25, 23.06 examples/s]Map (num_proc=4):  29%|██▉       | 5368/18384 [03:38<06:23, 33.98 examples/s]Map (num_proc=4):  29%|██▉       | 5376/18384 [03:39<09:55, 21.83 examples/s]Map (num_proc=4):  29%|██▉       | 5384/18384 [03:39<09:32, 22.72 examples/s]Map (num_proc=4):  29%|██▉       | 5408/18384 [03:40<08:36, 25.10 examples/s]Map (num_proc=4):  29%|██▉       | 5416/18384 [03:40<09:27, 22.84 examples/s]Map (num_proc=4):  30%|██▉       | 5432/18384 [03:41<07:53, 27.36 examples/s]Map (num_proc=4):  30%|██▉       | 5448/18384 [03:41<06:53, 31.28 examples/s]Map (num_proc=4):  30%|██▉       | 5456/18384 [03:42<07:16, 29.61 examples/s]Map (num_proc=4):  30%|██▉       | 5464/18384 [03:42<07:16, 29.57 examples/s]Map (num_proc=4):  30%|██▉       | 5472/18384 [03:42<07:46, 27.68 examples/s]Map (num_proc=4):  30%|██▉       | 5480/18384 [03:42<07:47, 27.59 examples/s]Map (num_proc=4):  30%|██▉       | 5488/18384 [03:43<10:42, 20.08 examples/s]Map (num_proc=4):  30%|██▉       | 5504/18384 [03:44<08:07, 26.44 examples/s]Map (num_proc=4):  30%|██▉       | 5512/18384 [03:44<08:10, 26.22 examples/s]Map (num_proc=4):  30%|███       | 5520/18384 [03:45<10:35, 20.25 examples/s]Map (num_proc=4):  30%|███       | 5536/18384 [03:45<07:49, 27.34 examples/s]Map (num_proc=4):  30%|███       | 5544/18384 [03:45<08:33, 25.02 examples/s]Map (num_proc=4):  30%|███       | 5552/18384 [03:46<10:54, 19.59 examples/s]Map (num_proc=4):  30%|███       | 5560/18384 [03:46<08:51, 24.12 examples/s]Map (num_proc=4):  30%|███       | 5568/18384 [03:46<07:55, 26.95 examples/s]Map (num_proc=4):  30%|███       | 5576/18384 [03:46<07:32, 28.30 examples/s]Map (num_proc=4):  30%|███       | 5584/18384 [03:47<10:26, 20.44 examples/s]Map (num_proc=4):  30%|███       | 5600/18384 [03:48<09:42, 21.95 examples/s]Map (num_proc=4):  31%|███       | 5616/18384 [03:48<09:30, 22.38 examples/s]Map (num_proc=4):  31%|███       | 5624/18384 [03:49<08:24, 25.31 examples/s]Map (num_proc=4):  31%|███       | 5632/18384 [03:49<08:40, 24.50 examples/s]Map (num_proc=4):  31%|███       | 5640/18384 [03:49<08:44, 24.29 examples/s]Map (num_proc=4):  31%|███       | 5648/18384 [03:50<09:21, 22.68 examples/s]Map (num_proc=4):  31%|███       | 5656/18384 [03:50<09:19, 22.74 examples/s]Map (num_proc=4):  31%|███       | 5664/18384 [03:51<09:43, 21.80 examples/s]Map (num_proc=4):  31%|███       | 5672/18384 [03:51<08:34, 24.70 examples/s]Map (num_proc=4):  31%|███       | 5680/18384 [03:51<06:58, 30.36 examples/s]Map (num_proc=4):  31%|███       | 5688/18384 [03:52<10:41, 19.79 examples/s]Map (num_proc=4):  31%|███       | 5696/18384 [03:52<11:42, 18.07 examples/s]Map (num_proc=4):  31%|███       | 5712/18384 [03:52<07:57, 26.56 examples/s]Map (num_proc=4):  31%|███       | 5720/18384 [03:53<08:12, 25.70 examples/s]Map (num_proc=4):  31%|███       | 5728/18384 [03:53<11:03, 19.07 examples/s]Map (num_proc=4):  31%|███       | 5744/18384 [03:54<07:07, 29.58 examples/s]Map (num_proc=4):  31%|███▏      | 5752/18384 [03:54<09:59, 21.05 examples/s]Map (num_proc=4):  31%|███▏      | 5768/18384 [03:55<08:30, 24.73 examples/s]Map (num_proc=4):  31%|███▏      | 5776/18384 [03:55<08:30, 24.68 examples/s]Map (num_proc=4):  31%|███▏      | 5784/18384 [03:55<07:14, 29.01 examples/s]Map (num_proc=4):  32%|███▏      | 5792/18384 [03:56<09:06, 23.03 examples/s]Map (num_proc=4):  32%|███▏      | 5800/18384 [03:56<09:20, 22.46 examples/s]Map (num_proc=4):  32%|███▏      | 5816/18384 [03:57<07:35, 27.60 examples/s]Map (num_proc=4):  32%|███▏      | 5824/18384 [03:57<08:44, 23.94 examples/s]Map (num_proc=4):  32%|███▏      | 5832/18384 [03:57<07:25, 28.16 examples/s]Map (num_proc=4):  32%|███▏      | 5840/18384 [03:57<07:18, 28.59 examples/s]Map (num_proc=4):  32%|███▏      | 5848/18384 [03:58<11:04, 18.86 examples/s]Map (num_proc=4):  32%|███▏      | 5864/18384 [03:59<07:22, 28.27 examples/s]Map (num_proc=4):  32%|███▏      | 5872/18384 [03:59<07:13, 28.84 examples/s]Map (num_proc=4):  32%|███▏      | 5880/18384 [03:59<07:31, 27.71 examples/s]Map (num_proc=4):  32%|███▏      | 5888/18384 [04:00<10:26, 19.95 examples/s]Map (num_proc=4):  32%|███▏      | 5904/18384 [04:00<07:07, 29.23 examples/s]Map (num_proc=4):  32%|███▏      | 5912/18384 [04:01<09:46, 21.26 examples/s]Map (num_proc=4):  32%|███▏      | 5920/18384 [04:01<08:33, 24.30 examples/s]Map (num_proc=4):  32%|███▏      | 5928/18384 [04:01<08:08, 25.48 examples/s]Map (num_proc=4):  32%|███▏      | 5936/18384 [04:02<08:35, 24.16 examples/s]Map (num_proc=4):  32%|███▏      | 5944/18384 [04:02<08:30, 24.39 examples/s]Map (num_proc=4):  32%|███▏      | 5952/18384 [04:02<08:14, 25.14 examples/s]Map (num_proc=4):  32%|███▏      | 5960/18384 [04:02<07:07, 29.09 examples/s]Map (num_proc=4):  32%|███▏      | 5968/18384 [04:03<10:04, 20.55 examples/s]Map (num_proc=4):  33%|███▎      | 5984/18384 [04:03<06:57, 29.67 examples/s]Map (num_proc=4):  33%|███▎      | 5992/18384 [04:04<08:38, 23.91 examples/s]Map (num_proc=4):  33%|███▎      | 6000/18384 [04:04<08:27, 24.41 examples/s]Map (num_proc=4):  33%|███▎      | 6008/18384 [04:05<09:15, 22.27 examples/s]Map (num_proc=4):  33%|███▎      | 6024/18384 [04:05<07:59, 25.79 examples/s]Map (num_proc=4):  33%|███▎      | 6032/18384 [04:05<08:52, 23.18 examples/s]Map (num_proc=4):  33%|███▎      | 6040/18384 [04:06<10:05, 20.40 examples/s]Map (num_proc=4):  33%|███▎      | 6056/18384 [04:06<06:50, 30.06 examples/s]Map (num_proc=4):  33%|███▎      | 6064/18384 [04:07<09:41, 21.20 examples/s]Map (num_proc=4):  33%|███▎      | 6072/18384 [04:07<09:45, 21.03 examples/s]Map (num_proc=4):  33%|███▎      | 6080/18384 [04:08<08:55, 22.97 examples/s]Map (num_proc=4):  33%|███▎      | 6096/18384 [04:08<07:37, 26.86 examples/s]Map (num_proc=4):  33%|███▎      | 6104/18384 [04:09<10:16, 19.93 examples/s]Map (num_proc=4):  33%|███▎      | 6120/18384 [04:09<07:10, 28.51 examples/s]Map (num_proc=4):  33%|███▎      | 6128/18384 [04:09<07:36, 26.85 examples/s]Map (num_proc=4):  33%|███▎      | 6136/18384 [04:10<11:17, 18.09 examples/s]Map (num_proc=4):  33%|███▎      | 6152/18384 [04:11<08:44, 23.31 examples/s]Map (num_proc=4):  34%|███▎      | 6168/18384 [04:11<07:54, 25.74 examples/s]Map (num_proc=4):  34%|███▎      | 6176/18384 [04:12<08:40, 23.46 examples/s]Map (num_proc=4):  34%|███▎      | 6184/18384 [04:12<08:42, 23.33 examples/s]Map (num_proc=4):  34%|███▎      | 6200/18384 [04:12<07:30, 27.07 examples/s]Map (num_proc=4):  34%|███▍      | 6208/18384 [04:13<09:06, 22.29 examples/s]Map (num_proc=4):  34%|███▍      | 6216/18384 [04:14<10:33, 19.22 examples/s]Map (num_proc=4):  34%|███▍      | 6240/18384 [04:14<07:15, 27.86 examples/s]Map (num_proc=4):  34%|███▍      | 6248/18384 [04:15<09:05, 22.26 examples/s]Map (num_proc=4):  34%|███▍      | 6256/18384 [04:15<08:56, 22.62 examples/s]Map (num_proc=4):  34%|███▍      | 6264/18384 [04:15<08:52, 22.75 examples/s]Map (num_proc=4):  34%|███▍      | 6272/18384 [04:16<07:20, 27.47 examples/s]Map (num_proc=4):  34%|███▍      | 6280/18384 [04:16<06:12, 32.47 examples/s]Map (num_proc=4):  34%|███▍      | 6288/18384 [04:16<07:42, 26.16 examples/s]Map (num_proc=4):  34%|███▍      | 6296/18384 [04:17<10:48, 18.65 examples/s]Map (num_proc=4):  34%|███▍      | 6304/18384 [04:17<08:57, 22.47 examples/s]Map (num_proc=4):  34%|███▍      | 6312/18384 [04:17<08:49, 22.82 examples/s]Map (num_proc=4):  34%|███▍      | 6320/18384 [04:18<07:16, 27.66 examples/s]Map (num_proc=4):  34%|███▍      | 6328/18384 [04:18<11:02, 18.19 examples/s]Map (num_proc=4):  34%|███▍      | 6336/18384 [04:19<09:29, 21.15 examples/s]Map (num_proc=4):  35%|███▍      | 6344/18384 [04:19<09:39, 20.79 examples/s]Map (num_proc=4):  35%|███▍      | 6352/18384 [04:19<08:36, 23.29 examples/s]Map (num_proc=4):  35%|███▍      | 6360/18384 [04:20<08:52, 22.58 examples/s]Map (num_proc=4):  35%|███▍      | 6368/18384 [04:20<09:35, 20.86 examples/s]Map (num_proc=4):  35%|███▍      | 6376/18384 [04:20<08:49, 22.67 examples/s]Map (num_proc=4):  35%|███▍      | 6384/18384 [04:21<08:01, 24.94 examples/s]Map (num_proc=4):  35%|███▍      | 6392/18384 [04:21<07:45, 25.75 examples/s]Map (num_proc=4):  35%|███▍      | 6400/18384 [04:21<09:25, 21.18 examples/s]Map (num_proc=4):  35%|███▍      | 6408/18384 [04:22<09:35, 20.81 examples/s]Map (num_proc=4):  35%|███▍      | 6416/18384 [04:22<08:55, 22.35 examples/s]Map (num_proc=4):  35%|███▍      | 6424/18384 [04:22<08:19, 23.97 examples/s]Map (num_proc=4):  35%|███▍      | 6432/18384 [04:23<08:11, 24.30 examples/s]Map (num_proc=4):  35%|███▌      | 6440/18384 [04:23<06:55, 28.73 examples/s]Map (num_proc=4):  35%|███▌      | 6448/18384 [04:23<08:25, 23.61 examples/s]Map (num_proc=4):  35%|███▌      | 6456/18384 [04:24<07:27, 26.64 examples/s]Map (num_proc=4):  35%|███▌      | 6464/18384 [04:24<07:23, 26.89 examples/s]Map (num_proc=4):  35%|███▌      | 6472/18384 [04:24<08:56, 22.21 examples/s]Map (num_proc=4):  35%|███▌      | 6480/18384 [04:25<09:02, 21.95 examples/s]Map (num_proc=4):  35%|███▌      | 6488/18384 [04:25<07:12, 27.54 examples/s]Map (num_proc=4):  35%|███▌      | 6496/18384 [04:25<07:36, 26.05 examples/s]Map (num_proc=4):  35%|███▌      | 6504/18384 [04:26<09:02, 21.89 examples/s]Map (num_proc=4):  35%|███▌      | 6512/18384 [04:26<08:37, 22.96 examples/s]Map (num_proc=4):  35%|███▌      | 6520/18384 [04:26<09:39, 20.47 examples/s]Map (num_proc=4):  36%|███▌      | 6536/18384 [04:27<07:47, 25.36 examples/s]Map (num_proc=4):  36%|███▌      | 6544/18384 [04:27<08:25, 23.43 examples/s]Map (num_proc=4):  36%|███▌      | 6552/18384 [04:28<08:21, 23.60 examples/s]Map (num_proc=4):  36%|███▌      | 6560/18384 [04:28<09:07, 21.59 examples/s]Map (num_proc=4):  36%|███▌      | 6568/18384 [04:28<07:44, 25.42 examples/s]Map (num_proc=4):  36%|███▌      | 6576/18384 [04:29<09:08, 21.52 examples/s]Map (num_proc=4):  36%|███▌      | 6584/18384 [04:29<08:04, 24.36 examples/s]Map (num_proc=4):  36%|███▌      | 6592/18384 [04:29<08:41, 22.62 examples/s]Map (num_proc=4):  36%|███▌      | 6608/18384 [04:30<09:00, 21.80 examples/s]Map (num_proc=4):  36%|███▌      | 6616/18384 [04:30<07:35, 25.81 examples/s]Map (num_proc=4):  36%|███▌      | 6624/18384 [04:31<08:31, 22.99 examples/s]Map (num_proc=4):  36%|███▌      | 6632/18384 [04:31<07:07, 27.50 examples/s]Map (num_proc=4):  36%|███▌      | 6640/18384 [04:32<10:13, 19.14 examples/s]Map (num_proc=4):  36%|███▌      | 6648/18384 [04:32<09:00, 21.70 examples/s]Map (num_proc=4):  36%|███▌      | 6664/18384 [04:32<06:17, 31.01 examples/s]Map (num_proc=4):  36%|███▋      | 6672/18384 [04:33<10:10, 19.18 examples/s]Map (num_proc=4):  36%|███▋      | 6680/18384 [04:33<09:11, 21.21 examples/s]Map (num_proc=4):  36%|███▋      | 6688/18384 [04:33<07:39, 25.47 examples/s]Map (num_proc=4):  36%|███▋      | 6704/18384 [04:34<09:32, 20.41 examples/s]Map (num_proc=4):  37%|███▋      | 6712/18384 [04:35<08:49, 22.05 examples/s]Map (num_proc=4):  37%|███▋      | 6728/18384 [04:35<07:23, 26.26 examples/s]Map (num_proc=4):  37%|███▋      | 6736/18384 [04:36<07:35, 25.55 examples/s]Map (num_proc=4):  37%|███▋      | 6744/18384 [04:36<07:19, 26.49 examples/s]Map (num_proc=4):  37%|███▋      | 6752/18384 [04:36<06:09, 31.49 examples/s]Map (num_proc=4):  37%|███▋      | 6760/18384 [04:37<09:26, 20.51 examples/s]Map (num_proc=4):  37%|███▋      | 6768/18384 [04:37<07:45, 24.93 examples/s]Map (num_proc=4):  37%|███▋      | 6776/18384 [04:37<06:45, 28.62 examples/s]Map (num_proc=4):  37%|███▋      | 6784/18384 [04:37<07:00, 27.60 examples/s]Map (num_proc=4):  37%|███▋      | 6800/18384 [04:38<07:50, 24.64 examples/s]Map (num_proc=4):  37%|███▋      | 6808/18384 [04:38<08:13, 23.47 examples/s]Map (num_proc=4):  37%|███▋      | 6816/18384 [04:39<06:59, 27.58 examples/s]Map (num_proc=4):  37%|███▋      | 6824/18384 [04:39<06:59, 27.57 examples/s]Map (num_proc=4):  37%|███▋      | 6832/18384 [04:39<06:54, 27.90 examples/s]Map (num_proc=4):  37%|███▋      | 6840/18384 [04:40<09:52, 19.50 examples/s]Map (num_proc=4):  37%|███▋      | 6848/18384 [04:40<07:51, 24.46 examples/s]Map (num_proc=4):  37%|███▋      | 6864/18384 [04:41<08:02, 23.88 examples/s]Map (num_proc=4):  37%|███▋      | 6872/18384 [04:41<08:46, 21.85 examples/s]Map (num_proc=4):  37%|███▋      | 6880/18384 [04:41<07:24, 25.88 examples/s]Map (num_proc=4):  37%|███▋      | 6888/18384 [04:41<06:18, 30.36 examples/s]Map (num_proc=4):  38%|███▊      | 6896/18384 [04:42<08:15, 23.19 examples/s]Map (num_proc=4):  38%|███▊      | 6904/18384 [04:42<06:44, 28.38 examples/s]Map (num_proc=4):  38%|███▊      | 6920/18384 [04:43<08:37, 22.16 examples/s]Map (num_proc=4):  38%|███▊      | 6928/18384 [04:43<07:53, 24.22 examples/s]Map (num_proc=4):  38%|███▊      | 6944/18384 [04:43<05:14, 36.33 examples/s]Map (num_proc=4):  38%|███▊      | 6952/18384 [04:44<09:29, 20.08 examples/s]Map (num_proc=4):  38%|███▊      | 6960/18384 [04:45<08:26, 22.54 examples/s]Map (num_proc=4):  38%|███▊      | 6968/18384 [04:45<07:13, 26.36 examples/s]Map (num_proc=4):  38%|███▊      | 6984/18384 [04:46<08:34, 22.17 examples/s]Map (num_proc=4):  38%|███▊      | 6992/18384 [04:46<08:24, 22.58 examples/s]Map (num_proc=4):  38%|███▊      | 7000/18384 [04:46<07:33, 25.08 examples/s]Map (num_proc=4):  38%|███▊      | 7016/18384 [04:47<06:39, 28.45 examples/s]Map (num_proc=4):  38%|███▊      | 7024/18384 [04:47<09:10, 20.64 examples/s]Map (num_proc=4):  38%|███▊      | 7040/18384 [04:48<06:40, 28.30 examples/s]Map (num_proc=4):  38%|███▊      | 7048/18384 [04:48<06:07, 30.83 examples/s]Map (num_proc=4):  38%|███▊      | 7056/18384 [04:49<10:53, 17.34 examples/s]Map (num_proc=4):  38%|███▊      | 7072/18384 [04:49<07:45, 24.29 examples/s]Map (num_proc=4):  39%|███▊      | 7088/18384 [04:50<09:47, 19.24 examples/s]Map (num_proc=4):  39%|███▊      | 7104/18384 [04:50<06:54, 27.19 examples/s]Map (num_proc=4):  39%|███▊      | 7112/18384 [04:51<06:18, 29.76 examples/s]Map (num_proc=4):  39%|███▊      | 7120/18384 [04:52<09:53, 18.96 examples/s]Map (num_proc=4):  39%|███▉      | 7128/18384 [04:52<08:58, 20.91 examples/s]Map (num_proc=4):  39%|███▉      | 7136/18384 [04:52<07:44, 24.20 examples/s]Map (num_proc=4):  39%|███▉      | 7144/18384 [04:52<06:33, 28.55 examples/s]Map (num_proc=4):  39%|███▉      | 7152/18384 [04:53<09:25, 19.87 examples/s]Map (num_proc=4):  39%|███▉      | 7160/18384 [04:53<08:21, 22.36 examples/s]Map (num_proc=4):  39%|███▉      | 7176/18384 [04:53<06:29, 28.76 examples/s]Map (num_proc=4):  39%|███▉      | 7184/18384 [04:54<08:09, 22.90 examples/s]Map (num_proc=4):  39%|███▉      | 7192/18384 [04:54<08:32, 21.85 examples/s]Map (num_proc=4):  39%|███▉      | 7200/18384 [04:55<07:21, 25.31 examples/s]Map (num_proc=4):  39%|███▉      | 7208/18384 [04:55<07:04, 26.35 examples/s]Map (num_proc=4):  39%|███▉      | 7216/18384 [04:56<09:11, 20.25 examples/s]Map (num_proc=4):  39%|███▉      | 7224/18384 [04:56<08:16, 22.47 examples/s]Map (num_proc=4):  39%|███▉      | 7240/18384 [04:57<08:50, 21.01 examples/s]Map (num_proc=4):  39%|███▉      | 7248/18384 [04:57<07:23, 25.08 examples/s]Map (num_proc=4):  39%|███▉      | 7256/18384 [04:57<07:04, 26.21 examples/s]Map (num_proc=4):  40%|███▉      | 7272/18384 [04:58<09:34, 19.34 examples/s]Map (num_proc=4):  40%|███▉      | 7280/18384 [04:58<08:23, 22.07 examples/s]Map (num_proc=4):  40%|███▉      | 7296/18384 [04:58<05:34, 33.19 examples/s]Map (num_proc=4):  40%|███▉      | 7304/18384 [04:59<09:09, 20.17 examples/s]Map (num_proc=4):  40%|███▉      | 7312/18384 [05:00<07:38, 24.17 examples/s]Map (num_proc=4):  40%|███▉      | 7320/18384 [05:00<07:25, 24.82 examples/s]Map (num_proc=4):  40%|███▉      | 7328/18384 [05:00<06:10, 29.88 examples/s]Map (num_proc=4):  40%|███▉      | 7336/18384 [05:01<08:14, 22.32 examples/s]Map (num_proc=4):  40%|███▉      | 7344/18384 [05:01<09:15, 19.86 examples/s]Map (num_proc=4):  40%|████      | 7360/18384 [05:01<07:05, 25.93 examples/s]Map (num_proc=4):  40%|████      | 7368/18384 [05:02<08:21, 21.99 examples/s]Map (num_proc=4):  40%|████      | 7376/18384 [05:02<07:53, 23.24 examples/s]Map (num_proc=4):  40%|████      | 7384/18384 [05:02<06:44, 27.22 examples/s]Map (num_proc=4):  40%|████      | 7392/18384 [05:03<08:32, 21.46 examples/s]Map (num_proc=4):  40%|████      | 7400/18384 [05:03<07:45, 23.60 examples/s]Map (num_proc=4):  40%|████      | 7408/18384 [05:03<07:10, 25.51 examples/s]Map (num_proc=4):  40%|████      | 7416/18384 [05:04<08:18, 22.01 examples/s]Map (num_proc=4):  40%|████      | 7424/18384 [05:05<10:37, 17.19 examples/s]Map (num_proc=4):  40%|████      | 7440/18384 [05:05<06:53, 26.48 examples/s]Map (num_proc=4):  41%|████      | 7448/18384 [05:05<07:20, 24.80 examples/s]Map (num_proc=4):  41%|████      | 7456/18384 [05:06<09:55, 18.34 examples/s]Map (num_proc=4):  41%|████      | 7472/18384 [05:06<06:35, 27.62 examples/s]Map (num_proc=4):  41%|████      | 7480/18384 [05:07<07:12, 25.20 examples/s]Map (num_proc=4):  41%|████      | 7488/18384 [05:07<10:07, 17.95 examples/s]Map (num_proc=4):  41%|████      | 7504/18384 [05:08<07:21, 24.65 examples/s]Map (num_proc=4):  41%|████      | 7512/18384 [05:08<06:26, 28.13 examples/s]Map (num_proc=4):  41%|████      | 7520/18384 [05:09<08:22, 21.63 examples/s]Map (num_proc=4):  41%|████      | 7528/18384 [05:09<09:09, 19.74 examples/s]Map (num_proc=4):  41%|████      | 7544/18384 [05:09<06:26, 28.08 examples/s]Map (num_proc=4):  41%|████      | 7552/18384 [05:09<05:28, 32.94 examples/s]Map (num_proc=4):  41%|████      | 7560/18384 [05:10<06:52, 26.25 examples/s]Map (num_proc=4):  41%|████      | 7568/18384 [05:10<07:43, 23.34 examples/s]Map (num_proc=4):  41%|████      | 7576/18384 [05:11<06:59, 25.75 examples/s]Map (num_proc=4):  41%|████▏     | 7592/18384 [05:11<07:48, 23.03 examples/s]Map (num_proc=4):  41%|████▏     | 7600/18384 [05:12<08:23, 21.40 examples/s]Map (num_proc=4):  41%|████▏     | 7624/18384 [05:13<08:10, 21.96 examples/s]Map (num_proc=4):  42%|████▏     | 7648/18384 [05:13<06:11, 28.92 examples/s]Map (num_proc=4):  42%|████▏     | 7656/18384 [05:14<06:15, 28.57 examples/s]Map (num_proc=4):  42%|████▏     | 7664/18384 [05:14<05:42, 31.34 examples/s]Map (num_proc=4):  42%|████▏     | 7672/18384 [05:14<07:39, 23.34 examples/s]Map (num_proc=4):  42%|████▏     | 7680/18384 [05:15<07:23, 24.11 examples/s]Map (num_proc=4):  42%|████▏     | 7696/18384 [05:15<06:28, 27.53 examples/s]Map (num_proc=4):  42%|████▏     | 7704/18384 [05:16<08:22, 21.24 examples/s]Map (num_proc=4):  42%|████▏     | 7720/18384 [05:16<07:25, 23.94 examples/s]Map (num_proc=4):  42%|████▏     | 7728/18384 [05:17<07:25, 23.91 examples/s]Map (num_proc=4):  42%|████▏     | 7736/18384 [05:17<07:02, 25.23 examples/s]Map (num_proc=4):  42%|████▏     | 7744/18384 [05:17<07:14, 24.49 examples/s]Map (num_proc=4):  42%|████▏     | 7752/18384 [05:18<07:04, 25.03 examples/s]Map (num_proc=4):  42%|████▏     | 7760/18384 [05:18<08:04, 21.93 examples/s]Map (num_proc=4):  42%|████▏     | 7768/18384 [05:18<07:01, 25.20 examples/s]Map (num_proc=4):  42%|████▏     | 7776/18384 [05:19<07:40, 23.02 examples/s]Map (num_proc=4):  42%|████▏     | 7784/18384 [05:19<08:51, 19.94 examples/s]Map (num_proc=4):  42%|████▏     | 7792/18384 [05:19<07:08, 24.72 examples/s]Map (num_proc=4):  42%|████▏     | 7808/18384 [05:20<07:36, 23.19 examples/s]Map (num_proc=4):  43%|████▎     | 7816/18384 [05:20<06:50, 25.75 examples/s]Map (num_proc=4):  43%|████▎     | 7824/18384 [05:21<07:33, 23.26 examples/s]Map (num_proc=4):  43%|████▎     | 7832/18384 [05:21<07:58, 22.05 examples/s]Map (num_proc=4):  43%|████▎     | 7848/18384 [05:21<05:24, 32.49 examples/s]Map (num_proc=4):  43%|████▎     | 7856/18384 [05:22<07:33, 23.20 examples/s]Map (num_proc=4):  43%|████▎     | 7864/18384 [05:23<09:13, 19.02 examples/s]Map (num_proc=4):  43%|████▎     | 7872/18384 [05:23<07:38, 22.93 examples/s]Map (num_proc=4):  43%|████▎     | 7880/18384 [05:23<06:30, 26.93 examples/s]Map (num_proc=4):  43%|████▎     | 7888/18384 [05:23<07:12, 24.24 examples/s]Map (num_proc=4):  43%|████▎     | 7896/18384 [05:24<08:30, 20.55 examples/s]Map (num_proc=4):  43%|████▎     | 7904/18384 [05:24<06:51, 25.48 examples/s]Map (num_proc=4):  43%|████▎     | 7920/18384 [05:25<06:31, 26.71 examples/s]Map (num_proc=4):  43%|████▎     | 7928/18384 [05:25<06:31, 26.73 examples/s]Map (num_proc=4):  43%|████▎     | 7936/18384 [05:26<07:43, 22.54 examples/s]Map (num_proc=4):  43%|████▎     | 7944/18384 [05:26<06:56, 25.09 examples/s]Map (num_proc=4):  43%|████▎     | 7952/18384 [05:26<07:07, 24.41 examples/s]Map (num_proc=4):  43%|████▎     | 7960/18384 [05:26<06:51, 25.34 examples/s]Map (num_proc=4):  43%|████▎     | 7968/18384 [05:27<07:36, 22.80 examples/s]Map (num_proc=4):  43%|████▎     | 7984/18384 [05:27<05:35, 30.96 examples/s]Map (num_proc=4):  43%|████▎     | 7992/18384 [05:28<08:17, 20.91 examples/s]Map (num_proc=4):  44%|████▎     | 8000/18384 [05:28<07:25, 23.31 examples/s]Map (num_proc=4):  44%|████▎     | 8008/18384 [05:28<06:49, 25.35 examples/s]Map (num_proc=4):  44%|████▎     | 8024/18384 [05:29<08:08, 21.21 examples/s]Map (num_proc=4):  44%|████▎     | 8040/18384 [05:30<06:11, 27.86 examples/s]Map (num_proc=4):  44%|████▍     | 8048/18384 [05:30<05:24, 31.85 examples/s]Map (num_proc=4):  44%|████▍     | 8056/18384 [05:30<06:14, 27.58 examples/s]Map (num_proc=4):  44%|████▍     | 8064/18384 [05:31<07:25, 23.17 examples/s]Map (num_proc=4):  44%|████▍     | 8072/18384 [05:31<07:27, 23.04 examples/s]Map (num_proc=4):  44%|████▍     | 8080/18384 [05:31<06:52, 24.98 examples/s]Map (num_proc=4):  44%|████▍     | 8088/18384 [05:31<06:10, 27.76 examples/s]Map (num_proc=4):  44%|████▍     | 8096/18384 [05:32<06:54, 24.82 examples/s]Map (num_proc=4):  44%|████▍     | 8104/18384 [05:32<08:25, 20.33 examples/s]Map (num_proc=4):  44%|████▍     | 8112/18384 [05:33<08:37, 19.86 examples/s]Map (num_proc=4):  44%|████▍     | 8128/18384 [05:33<05:29, 31.17 examples/s]Map (num_proc=4):  44%|████▍     | 8136/18384 [05:34<08:11, 20.87 examples/s]Map (num_proc=4):  44%|████▍     | 8144/18384 [05:34<06:45, 25.24 examples/s]Map (num_proc=4):  44%|████▍     | 8152/18384 [05:34<07:34, 22.50 examples/s]Map (num_proc=4):  44%|████▍     | 8160/18384 [05:35<07:18, 23.34 examples/s]Map (num_proc=4):  44%|████▍     | 8168/18384 [05:35<09:17, 18.31 examples/s]Map (num_proc=4):  44%|████▍     | 8176/18384 [05:36<08:50, 19.23 examples/s]Map (num_proc=4):  45%|████▍     | 8184/18384 [05:36<07:10, 23.72 examples/s]Map (num_proc=4):  45%|████▍     | 8192/18384 [05:36<06:00, 28.29 examples/s]Map (num_proc=4):  45%|████▍     | 8200/18384 [05:37<09:11, 18.47 examples/s]Map (num_proc=4):  45%|████▍     | 8208/18384 [05:37<07:11, 23.58 examples/s]Map (num_proc=4):  45%|████▍     | 8224/18384 [05:37<05:37, 30.07 examples/s]Map (num_proc=4):  45%|████▍     | 8232/18384 [05:38<08:00, 21.14 examples/s]Map (num_proc=4):  45%|████▍     | 8240/18384 [05:38<06:29, 26.05 examples/s]Map (num_proc=4):  45%|████▍     | 8248/18384 [05:38<05:42, 29.60 examples/s]Map (num_proc=4):  45%|████▍     | 8256/18384 [05:39<06:05, 27.73 examples/s]Map (num_proc=4):  45%|████▍     | 8264/18384 [05:39<07:37, 22.11 examples/s]Map (num_proc=4):  45%|████▍     | 8272/18384 [05:40<08:40, 19.44 examples/s]Map (num_proc=4):  45%|████▌     | 8280/18384 [05:40<06:45, 24.93 examples/s]Map (num_proc=4):  45%|████▌     | 8296/18384 [05:40<05:18, 31.70 examples/s]Map (num_proc=4):  45%|████▌     | 8304/18384 [05:41<09:16, 18.11 examples/s]Map (num_proc=4):  45%|████▌     | 8320/18384 [05:41<06:22, 26.29 examples/s]Map (num_proc=4):  45%|████▌     | 8336/18384 [05:42<07:07, 23.50 examples/s]Map (num_proc=4):  45%|████▌     | 8344/18384 [05:42<07:11, 23.26 examples/s]Map (num_proc=4):  45%|████▌     | 8360/18384 [05:43<05:39, 29.57 examples/s]Map (num_proc=4):  46%|████▌     | 8368/18384 [05:43<06:27, 25.86 examples/s]Map (num_proc=4):  46%|████▌     | 8376/18384 [05:43<05:41, 29.32 examples/s]Map (num_proc=4):  46%|████▌     | 8384/18384 [05:44<07:36, 21.90 examples/s]Map (num_proc=4):  46%|████▌     | 8392/18384 [05:44<06:22, 26.10 examples/s]Map (num_proc=4):  46%|████▌     | 8400/18384 [05:44<05:18, 31.32 examples/s]Map (num_proc=4):  46%|████▌     | 8408/18384 [05:45<05:16, 31.50 examples/s]Map (num_proc=4):  46%|████▌     | 8416/18384 [05:45<08:28, 19.62 examples/s]Map (num_proc=4):  46%|████▌     | 8424/18384 [05:46<07:04, 23.46 examples/s]Map (num_proc=4):  46%|████▌     | 8432/18384 [05:46<06:11, 26.79 examples/s]Map (num_proc=4):  46%|████▌     | 8440/18384 [05:46<06:40, 24.80 examples/s]Map (num_proc=4):  46%|████▌     | 8448/18384 [05:47<08:06, 20.41 examples/s]Map (num_proc=4):  46%|████▌     | 8456/18384 [05:47<06:57, 23.81 examples/s]Map (num_proc=4):  46%|████▌     | 8464/18384 [05:47<07:09, 23.10 examples/s]Map (num_proc=4):  46%|████▌     | 8472/18384 [05:48<07:32, 21.90 examples/s]Map (num_proc=4):  46%|████▌     | 8480/18384 [05:48<08:19, 19.82 examples/s]Map (num_proc=4):  46%|████▌     | 8488/18384 [05:48<07:54, 20.85 examples/s]Map (num_proc=4):  46%|████▌     | 8496/18384 [05:49<06:21, 25.91 examples/s]Map (num_proc=4):  46%|████▋     | 8504/18384 [05:49<07:21, 22.35 examples/s]Map (num_proc=4):  46%|████▋     | 8512/18384 [05:49<06:52, 23.94 examples/s]Map (num_proc=4):  46%|████▋     | 8520/18384 [05:50<08:00, 20.55 examples/s]Map (num_proc=4):  46%|████▋     | 8528/18384 [05:50<06:39, 24.68 examples/s]Map (num_proc=4):  46%|████▋     | 8544/18384 [05:50<04:43, 34.72 examples/s]Map (num_proc=4):  47%|████▋     | 8552/18384 [05:51<08:23, 19.52 examples/s]Map (num_proc=4):  47%|████▋     | 8560/18384 [05:51<07:09, 22.90 examples/s]Map (num_proc=4):  47%|████▋     | 8584/18384 [05:52<06:10, 26.43 examples/s]Map (num_proc=4):  47%|████▋     | 8592/18384 [05:53<07:08, 22.83 examples/s]Map (num_proc=4):  47%|████▋     | 8600/18384 [05:53<06:08, 26.52 examples/s]Map (num_proc=4):  47%|████▋     | 8616/18384 [05:54<06:34, 24.77 examples/s]Map (num_proc=4):  47%|████▋     | 8624/18384 [05:54<07:45, 20.97 examples/s]Map (num_proc=4):  47%|████▋     | 8632/18384 [05:54<06:34, 24.75 examples/s]Map (num_proc=4):  47%|████▋     | 8648/18384 [05:55<05:40, 28.58 examples/s]Map (num_proc=4):  47%|████▋     | 8656/18384 [05:55<05:38, 28.73 examples/s]Map (num_proc=4):  47%|████▋     | 8664/18384 [05:55<05:49, 27.80 examples/s]Map (num_proc=4):  47%|████▋     | 8672/18384 [05:55<04:56, 32.72 examples/s]Map (num_proc=4):  47%|████▋     | 8680/18384 [05:56<07:05, 22.81 examples/s]Map (num_proc=4):  47%|████▋     | 8688/18384 [05:56<05:52, 27.53 examples/s]Map (num_proc=4):  47%|████▋     | 8696/18384 [05:56<05:21, 30.16 examples/s]Map (num_proc=4):  47%|████▋     | 8704/18384 [05:57<04:26, 36.32 examples/s]Map (num_proc=4):  47%|████▋     | 8712/18384 [05:57<07:19, 21.99 examples/s]Map (num_proc=4):  47%|████▋     | 8720/18384 [05:57<05:54, 27.24 examples/s]Map (num_proc=4):  47%|████▋     | 8728/18384 [05:58<06:07, 26.24 examples/s]Map (num_proc=4):  48%|████▊     | 8736/18384 [05:58<05:10, 31.09 examples/s]Map (num_proc=4):  48%|████▊     | 8744/18384 [05:59<08:01, 20.01 examples/s]Map (num_proc=4):  48%|████▊     | 8760/18384 [05:59<06:03, 26.46 examples/s]Map (num_proc=4):  48%|████▊     | 8768/18384 [05:59<05:24, 29.65 examples/s]Map (num_proc=4):  48%|████▊     | 8776/18384 [06:00<07:17, 21.94 examples/s]Map (num_proc=4):  48%|████▊     | 8792/18384 [06:00<06:09, 25.95 examples/s]Map (num_proc=4):  48%|████▊     | 8800/18384 [06:01<06:01, 26.53 examples/s]Map (num_proc=4):  48%|████▊     | 8808/18384 [06:01<05:58, 26.68 examples/s]Map (num_proc=4):  48%|████▊     | 8816/18384 [06:01<06:57, 22.92 examples/s]Map (num_proc=4):  48%|████▊     | 8832/18384 [06:02<07:27, 21.36 examples/s]Map (num_proc=4):  48%|████▊     | 8848/18384 [06:02<05:43, 27.75 examples/s]Map (num_proc=4):  48%|████▊     | 8856/18384 [06:03<05:07, 30.95 examples/s]Map (num_proc=4):  48%|████▊     | 8864/18384 [06:03<07:26, 21.34 examples/s]Map (num_proc=4):  48%|████▊     | 8872/18384 [06:04<07:42, 20.58 examples/s]Map (num_proc=4):  48%|████▊     | 8888/18384 [06:04<05:25, 29.18 examples/s]Map (num_proc=4):  48%|████▊     | 8896/18384 [06:04<06:07, 25.78 examples/s]Map (num_proc=4):  48%|████▊     | 8904/18384 [06:05<06:13, 25.37 examples/s]Map (num_proc=4):  48%|████▊     | 8912/18384 [06:05<05:41, 27.73 examples/s]Map (num_proc=4):  49%|████▊     | 8920/18384 [06:05<05:49, 27.11 examples/s]Map (num_proc=4):  49%|████▊     | 8928/18384 [06:06<08:07, 19.40 examples/s]Map (num_proc=4):  49%|████▊     | 8944/18384 [06:06<06:15, 25.17 examples/s]Map (num_proc=4):  49%|████▊     | 8952/18384 [06:06<05:15, 29.86 examples/s]Map (num_proc=4):  49%|████▊     | 8960/18384 [06:07<08:26, 18.61 examples/s]Map (num_proc=4):  49%|████▉     | 8976/18384 [06:08<06:07, 25.58 examples/s]Map (num_proc=4):  49%|████▉     | 8984/18384 [06:08<06:21, 24.67 examples/s]Map (num_proc=4):  49%|████▉     | 8992/18384 [06:09<08:00, 19.54 examples/s]Map (num_proc=4):  49%|████▉     | 9000/18384 [06:09<06:26, 24.29 examples/s]Map (num_proc=4):  49%|████▉     | 9008/18384 [06:09<05:23, 29.02 examples/s]Map (num_proc=4):  49%|████▉     | 9016/18384 [06:10<07:09, 21.81 examples/s]Map (num_proc=4):  49%|████▉     | 9024/18384 [06:10<07:01, 22.20 examples/s]Map (num_proc=4):  49%|████▉     | 9032/18384 [06:10<06:52, 22.67 examples/s]Map (num_proc=4):  49%|████▉     | 9048/18384 [06:11<06:05, 25.56 examples/s]Map (num_proc=4):  49%|████▉     | 9056/18384 [06:11<07:42, 20.15 examples/s]Map (num_proc=4):  49%|████▉     | 9064/18384 [06:12<06:48, 22.83 examples/s]Map (num_proc=4):  49%|████▉     | 9080/18384 [06:12<05:18, 29.25 examples/s]Map (num_proc=4):  49%|████▉     | 9088/18384 [06:13<08:13, 18.84 examples/s]Map (num_proc=4):  49%|████▉     | 9096/18384 [06:13<06:54, 22.39 examples/s]Map (num_proc=4):  50%|████▉     | 9112/18384 [06:13<05:17, 29.23 examples/s]Map (num_proc=4):  50%|████▉     | 9120/18384 [06:14<06:18, 24.47 examples/s]Map (num_proc=4):  50%|████▉     | 9128/18384 [06:14<07:19, 21.04 examples/s]Map (num_proc=4):  50%|████▉     | 9136/18384 [06:15<05:57, 25.87 examples/s]Map (num_proc=4):  50%|████▉     | 9144/18384 [06:15<04:51, 31.66 examples/s]Map (num_proc=4):  50%|████▉     | 9152/18384 [06:15<07:10, 21.44 examples/s]Map (num_proc=4):  50%|████▉     | 9160/18384 [06:16<07:18, 21.03 examples/s]Map (num_proc=4):  50%|████▉     | 9168/18384 [06:16<05:48, 26.42 examples/s]Map (num_proc=4):  50%|████▉     | 9176/18384 [06:16<05:27, 28.15 examples/s]Map (num_proc=4):  50%|████▉     | 9184/18384 [06:16<05:59, 25.62 examples/s]Map (num_proc=4):  50%|█████     | 9192/18384 [06:17<08:14, 18.60 examples/s]Map (num_proc=4):  50%|█████     | 9208/18384 [06:17<04:56, 30.92 examples/s]Map (num_proc=4):  50%|█████     | 9216/18384 [06:18<06:25, 23.78 examples/s]Map (num_proc=4):  50%|█████     | 9224/18384 [06:18<07:33, 20.18 examples/s]Map (num_proc=4):  50%|█████     | 9232/18384 [06:19<06:06, 24.98 examples/s]Map (num_proc=4):  50%|█████     | 9240/18384 [06:19<05:56, 25.63 examples/s]Map (num_proc=4):  50%|█████     | 9248/18384 [06:19<05:51, 26.01 examples/s]Map (num_proc=4):  50%|█████     | 9256/18384 [06:20<07:40, 19.81 examples/s]Map (num_proc=4):  50%|█████     | 9264/18384 [06:20<06:19, 24.06 examples/s]Map (num_proc=4):  50%|█████     | 9280/18384 [06:20<05:56, 25.52 examples/s]Map (num_proc=4):  51%|█████     | 9288/18384 [06:21<07:01, 21.60 examples/s]Map (num_proc=4):  51%|█████     | 9296/18384 [06:21<06:54, 21.93 examples/s]Map (num_proc=4):  51%|█████     | 9304/18384 [06:22<06:23, 23.69 examples/s]Map (num_proc=4):  51%|█████     | 9312/18384 [06:22<05:17, 28.61 examples/s]Map (num_proc=4):  51%|█████     | 9320/18384 [06:22<05:51, 25.79 examples/s]Map (num_proc=4):  51%|█████     | 9328/18384 [06:23<08:16, 18.23 examples/s]Map (num_proc=4):  51%|█████     | 9344/18384 [06:23<05:21, 28.11 examples/s]Map (num_proc=4):  51%|█████     | 9352/18384 [06:23<05:28, 27.50 examples/s]Map (num_proc=4):  51%|█████     | 9360/18384 [06:24<06:48, 22.07 examples/s]Map (num_proc=4):  51%|█████     | 9368/18384 [06:24<06:51, 21.93 examples/s]Map (num_proc=4):  51%|█████     | 9376/18384 [06:25<06:19, 23.73 examples/s]Map (num_proc=4):  51%|█████     | 9384/18384 [06:25<06:17, 23.85 examples/s]Map (num_proc=4):  51%|█████     | 9392/18384 [06:25<06:35, 22.76 examples/s]Map (num_proc=4):  51%|█████     | 9400/18384 [06:26<06:56, 21.55 examples/s]Map (num_proc=4):  51%|█████     | 9408/18384 [06:26<06:51, 21.83 examples/s]Map (num_proc=4):  51%|█████     | 9416/18384 [06:26<05:56, 25.18 examples/s]Map (num_proc=4):  51%|█████▏    | 9424/18384 [06:27<06:15, 23.89 examples/s]Map (num_proc=4):  51%|█████▏    | 9432/18384 [06:27<06:05, 24.52 examples/s]Map (num_proc=4):  51%|█████▏    | 9440/18384 [06:28<08:00, 18.62 examples/s]Map (num_proc=4):  51%|█████▏    | 9456/18384 [06:28<07:19, 20.29 examples/s]Map (num_proc=4):  52%|█████▏    | 9472/18384 [06:29<06:33, 22.65 examples/s]Map (num_proc=4):  52%|█████▏    | 9480/18384 [06:29<05:41, 26.07 examples/s]Map (num_proc=4):  52%|█████▏    | 9488/18384 [06:30<06:40, 22.20 examples/s]Map (num_proc=4):  52%|█████▏    | 9496/18384 [06:30<07:16, 20.37 examples/s]Map (num_proc=4):  52%|█████▏    | 9512/18384 [06:30<05:36, 26.34 examples/s]Map (num_proc=4):  52%|█████▏    | 9520/18384 [06:31<06:09, 23.98 examples/s]Map (num_proc=4):  52%|█████▏    | 9528/18384 [06:31<06:50, 21.56 examples/s]Map (num_proc=4):  52%|█████▏    | 9544/18384 [06:32<05:45, 25.59 examples/s]Map (num_proc=4):  52%|█████▏    | 9552/18384 [06:32<05:40, 25.97 examples/s]Map (num_proc=4):  52%|█████▏    | 9560/18384 [06:32<05:03, 29.06 examples/s]Map (num_proc=4):  52%|█████▏    | 9568/18384 [06:33<05:43, 25.66 examples/s]Map (num_proc=4):  52%|█████▏    | 9576/18384 [06:33<06:39, 22.05 examples/s]Map (num_proc=4):  52%|█████▏    | 9584/18384 [06:34<06:53, 21.26 examples/s]Map (num_proc=4):  52%|█████▏    | 9600/18384 [06:34<06:38, 22.03 examples/s]Map (num_proc=4):  52%|█████▏    | 9608/18384 [06:35<05:55, 24.71 examples/s]Map (num_proc=4):  52%|█████▏    | 9624/18384 [06:35<04:32, 32.12 examples/s]Map (num_proc=4):  52%|█████▏    | 9632/18384 [06:35<06:13, 23.46 examples/s]Map (num_proc=4):  52%|█████▏    | 9640/18384 [06:36<05:46, 25.25 examples/s]Map (num_proc=4):  53%|█████▎    | 9656/18384 [06:36<05:04, 28.69 examples/s]Map (num_proc=4):  53%|█████▎    | 9664/18384 [06:37<06:13, 23.34 examples/s]Map (num_proc=4):  53%|█████▎    | 9672/18384 [06:37<05:55, 24.48 examples/s]Map (num_proc=4):  53%|█████▎    | 9680/18384 [06:37<04:53, 29.64 examples/s]Map (num_proc=4):  53%|█████▎    | 9688/18384 [06:37<04:03, 35.64 examples/s]Map (num_proc=4):  53%|█████▎    | 9696/18384 [06:38<07:28, 19.37 examples/s]Map (num_proc=4):  53%|█████▎    | 9712/18384 [06:39<05:45, 25.09 examples/s]Map (num_proc=4):  53%|█████▎    | 9720/18384 [06:39<04:50, 29.86 examples/s]Map (num_proc=4):  53%|█████▎    | 9728/18384 [06:40<07:47, 18.50 examples/s]Map (num_proc=4):  53%|█████▎    | 9736/18384 [06:40<06:41, 21.52 examples/s]Map (num_proc=4):  53%|█████▎    | 9752/18384 [06:40<05:02, 28.57 examples/s]Map (num_proc=4):  53%|█████▎    | 9760/18384 [06:41<05:46, 24.87 examples/s]Map (num_proc=4):  53%|█████▎    | 9768/18384 [06:41<05:34, 25.77 examples/s]Map (num_proc=4):  53%|█████▎    | 9784/18384 [06:41<05:24, 26.51 examples/s]Map (num_proc=4):  53%|█████▎    | 9792/18384 [06:42<06:11, 23.16 examples/s]Map (num_proc=4):  53%|█████▎    | 9808/18384 [06:42<04:20, 32.94 examples/s]Map (num_proc=4):  53%|█████▎    | 9816/18384 [06:43<06:31, 21.86 examples/s]Map (num_proc=4):  53%|█████▎    | 9824/18384 [06:43<05:31, 25.84 examples/s]Map (num_proc=4):  54%|█████▎    | 9840/18384 [06:44<05:21, 26.59 examples/s]Map (num_proc=4):  54%|█████▎    | 9848/18384 [06:44<05:36, 25.37 examples/s]Map (num_proc=4):  54%|█████▎    | 9856/18384 [06:44<06:11, 22.96 examples/s]Map (num_proc=4):  54%|█████▎    | 9872/18384 [06:45<04:07, 34.35 examples/s]Map (num_proc=4):  54%|█████▎    | 9880/18384 [06:45<05:14, 27.02 examples/s]Map (num_proc=4):  54%|█████▍    | 9888/18384 [06:45<05:05, 27.82 examples/s]Map (num_proc=4):  54%|█████▍    | 9896/18384 [06:46<05:59, 23.61 examples/s]Map (num_proc=4):  54%|█████▍    | 9904/18384 [06:46<05:29, 25.77 examples/s]Map (num_proc=4):  54%|█████▍    | 9920/18384 [06:47<06:06, 23.07 examples/s]Map (num_proc=4):  54%|█████▍    | 9928/18384 [06:47<06:51, 20.53 examples/s]Map (num_proc=4):  54%|█████▍    | 9952/18384 [06:48<04:44, 29.62 examples/s]Map (num_proc=4):  54%|█████▍    | 9960/18384 [06:49<06:45, 20.75 examples/s]Map (num_proc=4):  54%|█████▍    | 9968/18384 [06:49<05:57, 23.55 examples/s]Map (num_proc=4):  54%|█████▍    | 9984/18384 [06:49<04:14, 33.02 examples/s]Map (num_proc=4):  54%|█████▍    | 9992/18384 [06:50<05:34, 25.08 examples/s]Map (num_proc=4):  54%|█████▍    | 10000/18384 [06:50<05:09, 27.09 examples/s]Map (num_proc=4):  54%|█████▍    | 10008/18384 [06:50<05:41, 24.50 examples/s]Map (num_proc=4):  55%|█████▍    | 10024/18384 [06:50<04:16, 32.62 examples/s]Map (num_proc=4):  55%|█████▍    | 10032/18384 [06:51<04:06, 33.84 examples/s]Map (num_proc=4):  55%|█████▍    | 10040/18384 [06:52<06:52, 20.22 examples/s]Map (num_proc=4):  55%|█████▍    | 10048/18384 [06:52<05:39, 24.53 examples/s]Map (num_proc=4):  55%|█████▍    | 10056/18384 [06:52<04:53, 28.38 examples/s]Map (num_proc=4):  55%|█████▍    | 10064/18384 [06:52<04:00, 34.52 examples/s]Map (num_proc=4):  55%|█████▍    | 10072/18384 [06:53<08:02, 17.21 examples/s]Map (num_proc=4):  55%|█████▍    | 10088/18384 [06:53<05:05, 27.15 examples/s]Map (num_proc=4):  55%|█████▍    | 10096/18384 [06:53<04:24, 31.34 examples/s]Map (num_proc=4):  55%|█████▍    | 10104/18384 [06:54<08:12, 16.81 examples/s]Map (num_proc=4):  55%|█████▌    | 10120/18384 [06:55<05:05, 27.04 examples/s]Map (num_proc=4):  55%|█████▌    | 10128/18384 [06:55<05:04, 27.14 examples/s]Map (num_proc=4):  55%|█████▌    | 10136/18384 [06:56<07:21, 18.67 examples/s]Map (num_proc=4):  55%|█████▌    | 10144/18384 [06:56<06:26, 21.34 examples/s]Map (num_proc=4):  55%|█████▌    | 10160/18384 [06:56<04:44, 28.91 examples/s]Map (num_proc=4):  55%|█████▌    | 10168/18384 [06:57<07:50, 17.45 examples/s]Map (num_proc=4):  55%|█████▌    | 10192/18384 [06:57<04:31, 30.13 examples/s]Map (num_proc=4):  55%|█████▌    | 10200/18384 [06:59<07:27, 18.27 examples/s]Map (num_proc=4):  56%|█████▌    | 10224/18384 [06:59<04:47, 28.38 examples/s]Map (num_proc=4):  56%|█████▌    | 10232/18384 [07:00<06:30, 20.87 examples/s]Map (num_proc=4):  56%|█████▌    | 10240/18384 [07:00<06:21, 21.36 examples/s]Map (num_proc=4):  56%|█████▌    | 10264/18384 [07:01<05:32, 24.43 examples/s]Map (num_proc=4):  56%|█████▌    | 10272/18384 [07:01<05:57, 22.70 examples/s]Map (num_proc=4):  56%|█████▌    | 10288/18384 [07:02<04:27, 30.26 examples/s]Map (num_proc=4):  56%|█████▌    | 10296/18384 [07:02<06:37, 20.33 examples/s]Map (num_proc=4):  56%|█████▌    | 10304/18384 [07:03<05:39, 23.80 examples/s]Map (num_proc=4):  56%|█████▌    | 10328/18384 [07:04<06:27, 20.79 examples/s]Map (num_proc=4):  56%|█████▋    | 10344/18384 [07:04<04:41, 28.52 examples/s]Map (num_proc=4):  56%|█████▋    | 10360/18384 [07:05<05:50, 22.91 examples/s]Map (num_proc=4):  56%|█████▋    | 10376/18384 [07:05<04:57, 26.91 examples/s]Map (num_proc=4):  56%|█████▋    | 10384/18384 [07:05<04:23, 30.39 examples/s]Map (num_proc=4):  57%|█████▋    | 10400/18384 [07:06<04:24, 30.13 examples/s]Map (num_proc=4):  57%|█████▋    | 10408/18384 [07:07<05:39, 23.50 examples/s]Map (num_proc=4):  57%|█████▋    | 10424/18384 [07:07<04:14, 31.25 examples/s]Map (num_proc=4):  57%|█████▋    | 10432/18384 [07:07<04:56, 26.81 examples/s]Map (num_proc=4):  57%|█████▋    | 10440/18384 [07:08<05:40, 23.35 examples/s]Map (num_proc=4):  57%|█████▋    | 10456/18384 [07:09<06:06, 21.61 examples/s]Map (num_proc=4):  57%|█████▋    | 10472/18384 [07:09<05:18, 24.81 examples/s]Map (num_proc=4):  57%|█████▋    | 10480/18384 [07:09<05:15, 25.07 examples/s]Map (num_proc=4):  57%|█████▋    | 10488/18384 [07:10<06:02, 21.81 examples/s]Map (num_proc=4):  57%|█████▋    | 10496/18384 [07:10<05:02, 26.11 examples/s]Map (num_proc=4):  57%|█████▋    | 10512/18384 [07:10<04:11, 31.29 examples/s]Map (num_proc=4):  57%|█████▋    | 10520/18384 [07:11<04:43, 27.72 examples/s]Map (num_proc=4):  57%|█████▋    | 10528/18384 [07:11<04:03, 32.24 examples/s]Map (num_proc=4):  57%|█████▋    | 10536/18384 [07:11<05:01, 26.04 examples/s]Map (num_proc=4):  57%|█████▋    | 10544/18384 [07:12<04:30, 29.03 examples/s]Map (num_proc=4):  57%|█████▋    | 10552/18384 [07:12<04:24, 29.60 examples/s]Map (num_proc=4):  57%|█████▋    | 10560/18384 [07:12<04:47, 27.21 examples/s]Map (num_proc=4):  57%|█████▋    | 10568/18384 [07:13<05:40, 22.99 examples/s]Map (num_proc=4):  58%|█████▊    | 10576/18384 [07:13<04:54, 26.55 examples/s]Map (num_proc=4):  58%|█████▊    | 10592/18384 [07:14<06:37, 19.62 examples/s]Map (num_proc=4):  58%|█████▊    | 10608/18384 [07:14<05:02, 25.72 examples/s]Map (num_proc=4):  58%|█████▊    | 10624/18384 [07:15<04:58, 26.03 examples/s]Map (num_proc=4):  58%|█████▊    | 10632/18384 [07:15<05:24, 23.92 examples/s]Map (num_proc=4):  58%|█████▊    | 10640/18384 [07:16<06:22, 20.24 examples/s]Exception ignored in: <function _TemporaryFileCloser.__del__ at 0x14a713abe710>
Traceback (most recent call last):
  File "/home/z5313567/anaconda3/envs/py3.10/lib/python3.10/tempfile.py", line 450, in __del__
Exception ignored in: <function _TemporaryFileCloser.__del__ at 0x14a713abe710>
Traceback (most recent call last):
  File "/home/z5313567/anaconda3/envs/py3.10/lib/python3.10/tempfile.py", line 450, in __del__
    self.close()
  File "/home/z5313567/anaconda3/envs/py3.10/lib/python3.10/tempfile.py", line 443, in close
    self.close()
  File "/home/z5313567/anaconda3/envs/py3.10/lib/python3.10/tempfile.py", line 443, in close
    self.file.close()
OSError: [Errno 122] Disk quota exceeded
    self.file.close()
OSError: [Errno 122] Disk quota exceeded
Map (num_proc=4):  58%|█████▊    | 10648/18384 [07:16<06:06, 21.12 examples/s]Map (num_proc=4):  58%|█████▊    | 10656/18384 [07:16<05:02, 25.52 examples/s]Map (num_proc=4):  58%|█████▊    | 10664/18384 [07:17<06:22, 20.17 examples/s]Map (num_proc=4):  58%|█████▊    | 10672/18384 [07:17<05:07, 25.04 examples/s]Map (num_proc=4):  58%|█████▊    | 10680/18384 [07:18<06:41, 19.20 examples/s]Map (num_proc=4):  58%|█████▊    | 10696/18384 [07:18<05:30, 23.24 examples/s]Map (num_proc=4):  58%|█████▊    | 10704/18384 [07:19<05:20, 23.98 examples/s]Map (num_proc=4):  58%|█████▊    | 10712/18384 [07:19<05:07, 24.97 examples/s]Map (num_proc=4):  58%|█████▊    | 10720/18384 [07:19<05:37, 22.73 examples/s]Map (num_proc=4):  58%|█████▊    | 10736/18384 [07:20<04:43, 26.98 examples/s]Map (num_proc=4):  58%|█████▊    | 10744/18384 [07:20<05:05, 25.01 examples/s]Map (num_proc=4):  58%|█████▊    | 10752/18384 [07:20<04:54, 25.95 examples/s]Map (num_proc=4):  59%|█████▊    | 10760/18384 [07:21<05:30, 23.06 examples/s]Map (num_proc=4):  59%|█████▊    | 10768/18384 [07:21<05:05, 24.97 examples/s]Map (num_proc=4):  59%|█████▊    | 10776/18384 [07:22<05:40, 22.35 examples/s]Map (num_proc=4):  59%|█████▊    | 10784/18384 [07:22<05:14, 24.19 examples/s]Map (num_proc=4):  59%|█████▊    | 10792/18384 [07:22<05:51, 21.62 examples/s]Map (num_proc=4):  59%|█████▊    | 10800/18384 [07:23<05:20, 23.65 examples/s]Map (num_proc=4):  59%|█████▉    | 10808/18384 [07:23<05:54, 21.37 examples/s]Map (num_proc=4):  59%|█████▉    | 10816/18384 [07:23<05:11, 24.28 examples/s]Map (num_proc=4):  59%|█████▉    | 10824/18384 [07:24<06:03, 20.82 examples/s]Map (num_proc=4):  59%|█████▉    | 10832/18384 [07:24<05:17, 23.80 examples/s]Map (num_proc=4):  59%|█████▉    | 10840/18384 [07:25<05:51, 21.49 examples/s]Map (num_proc=4):  59%|█████▉    | 10848/18384 [07:25<05:23, 23.32 examples/s]Map (num_proc=4):  59%|█████▉    | 10856/18384 [07:25<05:42, 22.00 examples/s]Map (num_proc=4):  59%|█████▉    | 10864/18384 [07:26<05:27, 22.97 examples/s]Map (num_proc=4):  59%|█████▉    | 10872/18384 [07:26<05:38, 22.19 examples/s]Map (num_proc=4):  59%|█████▉    | 10880/18384 [07:26<05:28, 22.85 examples/s]Map (num_proc=4):  59%|█████▉    | 10888/18384 [07:27<05:37, 22.20 examples/s]Map (num_proc=4):  59%|█████▉    | 10896/18384 [07:27<05:17, 23.56 examples/s]Map (num_proc=4):  59%|█████▉    | 10904/18384 [07:27<05:50, 21.35 examples/s]Map (num_proc=4):  59%|█████▉    | 10912/18384 [07:28<05:17, 23.55 examples/s]Map (num_proc=4):  59%|█████▉    | 10920/18384 [07:28<05:36, 22.21 examples/s]Map (num_proc=4):  59%|█████▉    | 10928/18384 [07:28<05:22, 23.09 examples/s]Map (num_proc=4):  59%|█████▉    | 10936/18384 [07:29<05:33, 22.34 examples/s]Map (num_proc=4):  60%|█████▉    | 10944/18384 [07:29<05:24, 22.93 examples/s]Map (num_proc=4):  60%|█████▉    | 10952/18384 [07:29<05:36, 22.11 examples/s]Map (num_proc=4):  60%|█████▉    | 10960/18384 [07:30<05:26, 22.71 examples/s]Map (num_proc=4):  60%|█████▉    | 10968/18384 [07:30<05:32, 22.31 examples/s]Map (num_proc=4):  60%|█████▉    | 10976/18384 [07:31<05:32, 22.29 examples/s]Map (num_proc=4):  60%|█████▉    | 10984/18384 [07:31<05:27, 22.61 examples/s]Map (num_proc=4):  60%|█████▉    | 10992/18384 [07:31<05:39, 21.75 examples/s]Map (num_proc=4):  60%|█████▉    | 11000/18384 [07:32<05:15, 23.39 examples/s]Map (num_proc=4):  60%|█████▉    | 11008/18384 [07:32<05:43, 21.48 examples/s]Map (num_proc=4):  60%|█████▉    | 11016/18384 [07:32<05:11, 23.64 examples/s]Map (num_proc=4):  60%|█████▉    | 11024/18384 [07:33<05:46, 21.27 examples/s]Map (num_proc=4):  60%|██████    | 11032/18384 [07:33<05:05, 24.05 examples/s]Map (num_proc=4):  60%|██████    | 11040/18384 [07:33<05:46, 21.18 examples/s]Map (num_proc=4):  60%|██████    | 11048/18384 [07:34<04:56, 24.75 examples/s]Map (num_proc=4):  60%|██████    | 11056/18384 [07:34<05:51, 20.84 examples/s]Map (num_proc=4):  60%|██████    | 11064/18384 [07:34<04:59, 24.45 examples/s]Map (num_proc=4):  60%|██████    | 11072/18384 [07:35<06:07, 19.87 examples/s]Map (num_proc=4):  60%|██████    | 11080/18384 [07:35<04:56, 24.60 examples/s]Map (num_proc=4):  60%|██████    | 11088/18384 [07:36<06:19, 19.23 examples/s]Map (num_proc=4):  60%|██████    | 11096/18384 [07:36<04:56, 24.61 examples/s]Map (num_proc=4):  60%|██████    | 11104/18384 [07:36<06:36, 18.37 examples/s]Map (num_proc=4):  60%|██████    | 11120/18384 [07:37<05:59, 20.20 examples/s]Map (num_proc=4):  61%|██████    | 11136/18384 [07:38<06:00, 20.09 examples/s]Map (num_proc=4):  61%|██████    | 11152/18384 [07:39<05:51, 20.59 examples/s]Map (num_proc=4):  61%|██████    | 11168/18384 [07:39<05:42, 21.05 examples/s]Map (num_proc=4):  61%|██████    | 11184/18384 [07:40<04:54, 24.42 examples/s]Map (num_proc=4):  61%|██████    | 11192/18384 [07:40<04:48, 24.92 examples/s]Map (num_proc=4):  61%|██████    | 11200/18384 [07:40<04:09, 28.75 examples/s]Exception ignored in: <function _TemporaryFileCloser.__del__ at 0x14a713abe710>
Traceback (most recent call last):
  File "/home/z5313567/anaconda3/envs/py3.10/lib/python3.10/tempfile.py", line 450, in __del__
Exception ignored in: <function _TemporaryFileCloser.__del__ at 0x14a713abe710>
Traceback (most recent call last):
  File "/home/z5313567/anaconda3/envs/py3.10/lib/python3.10/tempfile.py", line 450, in __del__
    self.close()
  File "/home/z5313567/anaconda3/envs/py3.10/lib/python3.10/tempfile.py", line 443, in close
    self.close()
  File "/home/z5313567/anaconda3/envs/py3.10/lib/python3.10/tempfile.py", line 443, in close
    self.file.close()
OSError: [Errno 122] Disk quota exceeded
    self.file.close()
OSError: [Errno 122] Disk quota exceeded
                                                                              multiprocess.pool.RemoteTraceback: 
"""
Traceback (most recent call last):
  File "/home/z5313567/.local/lib/python3.10/site-packages/datasets/arrow_dataset.py", line 3466, in _map_single
    writer.write_batch(batch)
  File "/home/z5313567/.local/lib/python3.10/site-packages/datasets/arrow_writer.py", line 555, in write_batch
    self.write_table(pa_table, writer_batch_size)
  File "/home/z5313567/.local/lib/python3.10/site-packages/datasets/arrow_writer.py", line 573, in write_table
    self.pa_writer.write_table(pa_table, writer_batch_size)
  File "pyarrow/ipc.pxi", line 525, in pyarrow.lib._CRecordBatchWriter.write_table
  File "/home/z5313567/.local/lib/python3.10/site-packages/fsspec/implementations/local.py", line 381, in write
    return self.f.write(*args, **kwargs)
OSError: [Errno 5] Input/output error

During handling of the above exception, another exception occurred:

OSError: [Errno 5] Input/output error

During handling of the above exception, another exception occurred:

Traceback (most recent call last):
  File "/home/z5313567/.local/lib/python3.10/site-packages/multiprocess/pool.py", line 125, in worker
    result = (True, func(*args, **kwds))
  File "/home/z5313567/.local/lib/python3.10/site-packages/datasets/utils/py_utils.py", line 1353, in _write_generator_to_queue
    for i, result in enumerate(func(**kwargs)):
  File "/home/z5313567/.local/lib/python3.10/site-packages/datasets/arrow_dataset.py", line 3478, in _map_single
    writer.finalize()
  File "/home/z5313567/.local/lib/python3.10/site-packages/datasets/arrow_writer.py", line 590, in finalize
    self.stream.close()
  File "/home/z5313567/.local/lib/python3.10/site-packages/fsspec/implementations/local.py", line 399, in close
    return self.f.close()
OSError: [Errno 122] Disk quota exceeded
"""

The above exception was the direct cause of the following exception:

Traceback (most recent call last):
  File "/srv/scratch/z5313567/thesis/whisper/code/whisper_finetune_AusKidTalk_scripted_lowercase.py", line 387, in <module>
    data_prepared = data.map(prepare_dataset, remove_columns=data.column_names["train"], batch_size=8, num_proc=4, batched=True)
  File "/home/z5313567/.local/lib/python3.10/site-packages/datasets/dataset_dict.py", line 851, in map
    {
  File "/home/z5313567/.local/lib/python3.10/site-packages/datasets/dataset_dict.py", line 852, in <dictcomp>
    k: dataset.map(
  File "/home/z5313567/.local/lib/python3.10/site-packages/datasets/arrow_dataset.py", line 578, in wrapper
    out: Union["Dataset", "DatasetDict"] = func(self, *args, **kwargs)
  File "/home/z5313567/.local/lib/python3.10/site-packages/datasets/arrow_dataset.py", line 543, in wrapper
    out: Union["Dataset", "DatasetDict"] = func(self, *args, **kwargs)
  File "/home/z5313567/.local/lib/python3.10/site-packages/datasets/arrow_dataset.py", line 3166, in map
    for rank, done, content in iflatmap_unordered(
  File "/home/z5313567/.local/lib/python3.10/site-packages/datasets/utils/py_utils.py", line 1379, in iflatmap_unordered
    [async_result.get(timeout=0.05) for async_result in async_results]
  File "/home/z5313567/.local/lib/python3.10/site-packages/datasets/utils/py_utils.py", line 1379, in <listcomp>
    [async_result.get(timeout=0.05) for async_result in async_results]
  File "/home/z5313567/.local/lib/python3.10/site-packages/multiprocess/pool.py", line 774, in get
    raise self._value
OSError: [Errno 122] Disk quota exceeded
Thu Oct 5 23:56:58 AEDT 2023
Found cached dataset csv (/srv/scratch/chacmod/.cache/huggingface/datasets/AusKidTalk-finetune/csv/default-038a3ddb82dc47c7/0.0.0/6954658bab30a358235fa864b05cf819af0e179325c740e4bc853bcc7ec513e1)
Running:  /srv/scratch/z5313567/thesis/whisper/code/whisper_finetune_AusKidTalk_scripted_lowercase.py
Started: 05/10/2023 23:56:58

------> IMPORTING PACKAGES.... ---------------------------------------

-->Importing datasets...
-->Importing random...
-->Importing pandas & numpy...
-->Importing re...
-->Importing json...
-->Importing Whisper Packages...
-->Importing soundfile...
-->Importing librosa...
-->Importing torch, dataclasses & typing...
-->Importing from transformers for training...
-->Importing pyarrow for loading dataset...
-->SUCCESS! All packages imported.

------> EXPERIMENT ARGUMENTS ----------------------------------------- 

base_fp: /srv/scratch/z5313567/thesis/
model: whisper
dataset_name: AusKidTalk
experiment_id: whisper_medium_finetune_AusKidTalk_lowercase_20231005
cache_name: AusKidTalk-finetune
training: True
use_checkpoint: False
use_pretrained_tokenizer: False
eval_pretrained: False
baseline_model: openai/whisper-medium
eval_baseline: False

------> TRAINING ARGUMENTS... ----------------------------------------

learning_rate: 1e-05
per_device_train_batch_size: 32
per_device_eval_batch_size: 32
seed: 42
adam_beta1: 0.9
adam_beta2: 0.999
adam_epsilon: 1e-08
lr_scheduler_type: linear
warmup_steps: 500
max_steps: 5500
gradient_accumulation_steps: 1
gradient_checkpointing: True
fp16: True
evaluation_strategy: steps
predict_with_generate: True
generation_max_length: 225
save_steps: 1000
eval_steps: 1000
logging_steps: 500
load_best_model_at_end: True
metric_for_best_model: wer
greater_is_better: False
group_by_length: True

------> GENERATING FILEPATHS... --------------------------------------

--> data_train_fp: /srv/scratch/z5313567/thesis/AusKidTalk_local/scripted_new/AusKidTalk_scripted_train_dataframe_new_180speakers_shuffled_only_transcription_filepath.csv
--> data_dev_fp: /srv/scratch/z5313567/thesis/AusKidTalk_local/scripted_new/AusKidTalk_scripted_dev_dataframe_new_180speakers_shuffled_only_transcription_filepath.csv
--> data_test_fp: /srv/scratch/z5313567/thesis/AusKidTalk_local/scripted_new/AusKidTalk_scripted_test_dataframe_new_180speakers_shuffled_only_transcription_filepath.csv
--> data_cache_fp: /srv/scratch/chacmod/.cache/huggingface/datasets/AusKidTalk-finetune
--> vocab_fp: /srv/scratch/z5313567/thesis/whisper/vocab/AusKidTalk/whisper_medium_finetune_AusKidTalk_lowercase_20231005_vocab.json
--> model_fp: /srv/scratch/z5313567/thesis/whisper/model/AusKidTalk/whisper_medium_finetune_AusKidTalk_lowercase_20231005
--> baseline_results_fp: /srv/scratch/z5313567/thesis/whisper/baseline_result/AusKidTalk/whisper_medium_finetune_AusKidTalk_lowercase_20231005_baseline_result.csv
--> finetuned_results_fp: /srv/scratch/z5313567/thesis/whisper/finetuned_result/AusKidTalk/whisper_medium_finetune_AusKidTalk_lowercase_20231005_finetuned_result.csv
--> pretrained_mod: openai/whisper-medium

------> PREPARING DATASET... ------------------------------------

  0%|          | 0/3 [00:00<?, ?it/s]100%|██████████| 3/3 [00:00<00:00, 396.89it/s]
Loading cached processed dataset at /srv/scratch/chacmod/.cache/huggingface/datasets/AusKidTalk-finetune/csv/default-038a3ddb82dc47c7/0.0.0/6954658bab30a358235fa864b05cf819af0e179325c740e4bc853bcc7ec513e1/cache-8ff892180b980119.arrow
Loading cached processed dataset at /srv/scratch/chacmod/.cache/huggingface/datasets/AusKidTalk-finetune/csv/default-038a3ddb82dc47c7/0.0.0/6954658bab30a358235fa864b05cf819af0e179325c740e4bc853bcc7ec513e1/cache-7387b2535e14ebac.arrow
Loading cached processed dataset at /srv/scratch/chacmod/.cache/huggingface/datasets/AusKidTalk-finetune/csv/default-038a3ddb82dc47c7/0.0.0/6954658bab30a358235fa864b05cf819af0e179325c740e4bc853bcc7ec513e1/cache-a567ed8d6db86266.arrow
Loading cached processed dataset at /srv/scratch/chacmod/.cache/huggingface/datasets/AusKidTalk-finetune/csv/default-038a3ddb82dc47c7/0.0.0/6954658bab30a358235fa864b05cf819af0e179325c740e4bc853bcc7ec513e1/cache-9704057807b0181c_*_of_00004.arrow
Loading cached processed dataset at /srv/scratch/chacmod/.cache/huggingface/datasets/AusKidTalk-finetune/csv/default-038a3ddb82dc47c7/0.0.0/6954658bab30a358235fa864b05cf819af0e179325c740e4bc853bcc7ec513e1/cache-9e19cf93fc21a5e6_*_of_00004.arrow
Loading cached processed dataset at /srv/scratch/chacmod/.cache/huggingface/datasets/AusKidTalk-finetune/csv/default-038a3ddb82dc47c7/0.0.0/6954658bab30a358235fa864b05cf819af0e179325c740e4bc853bcc7ec513e1/cache-9f589e3f00d7339d_*_of_00004.arrow
--> dataset...
DatasetDict({
    train: Dataset({
        features: ['filepath', 'transcription_clean'],
        num_rows: 18384
    })
    dev: Dataset({
        features: ['filepath', 'transcription_clean'],
        num_rows: 4019
    })
    test: Dataset({
        features: ['filepath', 'transcription_clean'],
        num_rows: 3968
    })
})
--> Printing some random samples...
                                            filepath transcription_clean
0  /srv/scratch/chacmod/auskidtalk_scripted_audio...            mountain
1  /srv/scratch/chacmod/auskidtalk_scripted_audio...             kitchen
2  /srv/scratch/chacmod/auskidtalk_scripted_audio...           moustache
3  /srv/scratch/chacmod/auskidtalk_scripted_audio...                ball
4  /srv/scratch/chacmod/auskidtalk_scripted_audio...             breathe
SUCCESS: Prepared dataset.

------> PROCESSING TRANSCRIPTION... ---------------------------------------


------> Defining feature extractor... ---------------------------------------

SUCCESS: Feature extractor defined.

------> Defining tokenizer... ---------------------------------------

SUCCESS: Tokenizer defined.

------> Preparaing processor... ---------------------------------------

SUCCESS: Processor defined.

------> PRE-PROCESSING DATA... ----------------------------------------- 

--> Verifying data with a random sample...
Target text: one
Input array shape: (4800,)
Sampling rate: 16000
Map (num_proc=4):   0%|          | 0/18384 [00:00<?, ? examples/s]Map (num_proc=4):   0%|          | 8/18384 [00:01<44:31,  6.88 examples/s]Map (num_proc=4):   0%|          | 16/18384 [00:01<27:53, 10.98 examples/s]Map (num_proc=4):   0%|          | 40/18384 [00:02<14:35, 20.95 examples/s]Map (num_proc=4):   0%|          | 48/18384 [00:02<15:47, 19.36 examples/s]Map (num_proc=4):   0%|          | 56/18384 [00:03<13:40, 22.35 examples/s]Map (num_proc=4):   0%|          | 80/18384 [00:03<09:59, 30.53 examples/s]Map (num_proc=4):   0%|          | 88/18384 [00:04<13:11, 23.11 examples/s]Map (num_proc=4):   1%|          | 104/18384 [00:04<09:14, 32.97 examples/s]Map (num_proc=4):   1%|          | 120/18384 [00:04<09:10, 33.16 examples/s]Map (num_proc=4):   1%|          | 128/18384 [00:05<11:07, 27.35 examples/s]Map (num_proc=4):   1%|          | 136/18384 [00:05<10:21, 29.35 examples/s]Map (num_proc=4):   1%|          | 152/18384 [00:05<08:29, 35.77 examples/s]Map (num_proc=4):   1%|          | 160/18384 [00:06<08:01, 37.87 examples/s]Exception ignored in: <function _TemporaryFileCloser.__del__ at 0x1493cb36a710>
Traceback (most recent call last):
  File "/home/z5313567/anaconda3/envs/py3.10/lib/python3.10/tempfile.py", line 450, in __del__
    self.close()
  File "/home/z5313567/anaconda3/envs/py3.10/lib/python3.10/tempfile.py", line 443, in close
    self.file.close()
OSError: [Errno 122] Disk quota exceeded
Exception ignored in: <function _TemporaryFileCloser.__del__ at 0x1493cb36a710>
Traceback (most recent call last):
  File "/home/z5313567/anaconda3/envs/py3.10/lib/python3.10/tempfile.py", line 450, in __del__
    self.close()
  File "/home/z5313567/anaconda3/envs/py3.10/lib/python3.10/tempfile.py", line 443, in close
    self.file.close()
OSError: [Errno 122] Disk quota exceeded
Exception ignored in: <function _TemporaryFileCloser.__del__ at 0x1493cb36a710>
Traceback (most recent call last):
  File "/home/z5313567/anaconda3/envs/py3.10/lib/python3.10/tempfile.py", line 450, in __del__
    self.close()
  File "/home/z5313567/anaconda3/envs/py3.10/lib/python3.10/tempfile.py", line 443, in close
    self.file.close()
OSError: [Errno 122] Disk quota exceeded
Exception ignored in: <function _TemporaryFileCloser.__del__ at 0x1493cb36a710>
Traceback (most recent call last):
  File "/home/z5313567/anaconda3/envs/py3.10/lib/python3.10/tempfile.py", line 450, in __del__
    self.close()
  File "/home/z5313567/anaconda3/envs/py3.10/lib/python3.10/tempfile.py", line 443, in close
    self.file.close()
OSError: [Errno 122] Disk quota exceeded
                                                                            multiprocess.pool.RemoteTraceback: 
"""
Traceback (most recent call last):
  File "/home/z5313567/.local/lib/python3.10/site-packages/datasets/arrow_dataset.py", line 3466, in _map_single
    writer.write_batch(batch)
  File "/home/z5313567/.local/lib/python3.10/site-packages/datasets/arrow_writer.py", line 555, in write_batch
    self.write_table(pa_table, writer_batch_size)
  File "/home/z5313567/.local/lib/python3.10/site-packages/datasets/arrow_writer.py", line 573, in write_table
    self.pa_writer.write_table(pa_table, writer_batch_size)
  File "pyarrow/ipc.pxi", line 525, in pyarrow.lib._CRecordBatchWriter.write_table
  File "/home/z5313567/.local/lib/python3.10/site-packages/fsspec/implementations/local.py", line 381, in write
    return self.f.write(*args, **kwargs)
OSError: [Errno 5] Input/output error

During handling of the above exception, another exception occurred:

OSError: [Errno 5] Input/output error

During handling of the above exception, another exception occurred:

Traceback (most recent call last):
  File "/home/z5313567/.local/lib/python3.10/site-packages/multiprocess/pool.py", line 125, in worker
    result = (True, func(*args, **kwds))
  File "/home/z5313567/.local/lib/python3.10/site-packages/datasets/utils/py_utils.py", line 1353, in _write_generator_to_queue
    for i, result in enumerate(func(**kwargs)):
  File "/home/z5313567/.local/lib/python3.10/site-packages/datasets/arrow_dataset.py", line 3478, in _map_single
    writer.finalize()
  File "/home/z5313567/.local/lib/python3.10/site-packages/datasets/arrow_writer.py", line 590, in finalize
    self.stream.close()
  File "/home/z5313567/.local/lib/python3.10/site-packages/fsspec/implementations/local.py", line 399, in close
    return self.f.close()
OSError: [Errno 122] Disk quota exceeded
"""

The above exception was the direct cause of the following exception:

Traceback (most recent call last):
  File "/srv/scratch/z5313567/thesis/whisper/code/whisper_finetune_AusKidTalk_scripted_lowercase.py", line 387, in <module>
    data_prepared = data.map(prepare_dataset, remove_columns=data.column_names["train"], batch_size=8, num_proc=4, batched=True)
  File "/home/z5313567/.local/lib/python3.10/site-packages/datasets/dataset_dict.py", line 851, in map
    {
  File "/home/z5313567/.local/lib/python3.10/site-packages/datasets/dataset_dict.py", line 852, in <dictcomp>
    k: dataset.map(
  File "/home/z5313567/.local/lib/python3.10/site-packages/datasets/arrow_dataset.py", line 578, in wrapper
    out: Union["Dataset", "DatasetDict"] = func(self, *args, **kwargs)
  File "/home/z5313567/.local/lib/python3.10/site-packages/datasets/arrow_dataset.py", line 543, in wrapper
    out: Union["Dataset", "DatasetDict"] = func(self, *args, **kwargs)
  File "/home/z5313567/.local/lib/python3.10/site-packages/datasets/arrow_dataset.py", line 3166, in map
    for rank, done, content in iflatmap_unordered(
  File "/home/z5313567/.local/lib/python3.10/site-packages/datasets/utils/py_utils.py", line 1379, in iflatmap_unordered
    [async_result.get(timeout=0.05) for async_result in async_results]
  File "/home/z5313567/.local/lib/python3.10/site-packages/datasets/utils/py_utils.py", line 1379, in <listcomp>
    [async_result.get(timeout=0.05) for async_result in async_results]
  File "/home/z5313567/.local/lib/python3.10/site-packages/multiprocess/pool.py", line 774, in get
    raise self._value
OSError: [Errno 122] Disk quota exceeded
