Wed Sep 20 05:05:05 AEST 2023
Found cached dataset csv (/srv/scratch/chacmod/.cache/huggingface/datasets/AusKidTalk-eval/csv/default-83a208ef1ad29d5d/0.0.0/6954658bab30a358235fa864b05cf819af0e179325c740e4bc853bcc7ec513e1)
------------------------------------------------------------------------
                 run_finetune_kids.py                                   
------------------------------------------------------------------------
Running:  /srv/scratch/z5313567/thesis/wav2vec2/code/eval_LM_lowercase.py
Started: 20/09/2023 05:05:05

------> IMPORTING PACKAGES.... ---------------------------------------

-->Importing datasets...
-->Importing random...
-->Importing pandas & numpy...
-->Importing re...
-->Importing json...
-->Importing Wav2VecCTC...
-->Importing soundfile...
-->Importing librosa...
-->Importing torch, dataclasses & typing...
-->Importing from transformers for training...
-->Importing pyarrow for loading dataset...
-->SUCCESS! All packages imported.

------> EXPERIMENT ARGUMENTS ----------------------------------------- 

base_fp: /srv/scratch/z5313567/thesis/
model: wav2vec2
dataset_name: AusKidTalk
experiment_id: eval_AusKidTalk_spontaneous_20230920_4
cache_name: AusKidTalk-eval
Language model: /srv/scratch/z5313567/thesis/wav2vec2/model/MyST/progressive_finetune_CU_MyST_lowercase_20230916_with_lm_AusKidTalk_LM_combined_lowercase_v1/language_model/AusKidTalk_LM_combined_lowercase_v1.arpa
training: False
use_checkpoint: True
checkpoint: /srv/scratch/z5313567/thesis/wav2vec2/model/MyST/progressive_finetune_CU_MyST_lowercase_20230916
use_pretrained_tokenizer: True
pretrained_tokenizer: /srv/scratch/z5313567/thesis/wav2vec2/model/OGI_American/full/full_model_OGI_American_20230702
eval_pretrained: True
eval_model: /srv/scratch/z5313567/thesis/wav2vec2/model/MyST/progressive_finetune_CU_MyST_lowercase_20230916
baseline_model: facebook/wav2vec2-base-960h
eval_baseline: False

------> MODEL ARGUMENTS... -------------------------------------------

hidden_dropout: 0.1
activation_dropout: 0.1
attention_dropoutput: 0.1
feat_proj_dropout: 0.0
layerdrop: 0.1
mask_time_prob: 0.05
mask_time_length: 10
ctc_loss_reduction: mean
ctc_zero_infinity: True
gradient_checkpointing: True

------> TRAINING ARGUMENTS... ----------------------------------------

evaluation strategy: steps
per_device_train_batch_size: 8
gradient_accumulation_steps: 1
learning_rate: 3e-05
weight_decay: 0.01
adam_beta1: 0.9
adam_beta2: 0.98
adam_epsilon: 1e-08
num_train_epochs: 14
max_steps: 60000
lr_scheduler_type: linear
warmup_ratio: 0.1
logging_strategy: steps
logging_steps: 1000
save_strategy: steps
save_steps: 1000
save_total_limit: 3
fp16: True
eval_steps: 1000
load_best_model_at_end: True
metric_for_best_model: wer
greater_is_better: False
group_by_length: True

------> GENERATING FILEPATHS... --------------------------------------

--> data_train_fp: /srv/scratch/z5313567/thesis/AusKidTalk_local/spontaneous/AusKidTalk_spontaneous_test_only_transcription_filepath.csv
--> data_test_fp: /srv/scratch/z5313567/thesis/AusKidTalk_local/spontaneous/AusKidTalk_spontaneous_test_only_transcription_filepath.csv
--> data_cache_fp: /srv/scratch/chacmod/.cache/huggingface/datasets/AusKidTalk-eval
--> vocab_fp: /srv/scratch/z5313567/thesis/wav2vec2/vocab/AusKidTalk/eval_AusKidTalk_spontaneous_20230920_4_vocab.json
--> model_fp: /srv/scratch/z5313567/thesis/wav2vec2/model/AusKidTalk/eval_AusKidTalk_spontaneous_20230920_4
--> baseline_results_fp: /srv/scratch/z5313567/thesis/wav2vec2/baseline_result/AusKidTalk/eval_AusKidTalk_spontaneous_20230920_4_baseline_result.csv
--> finetuned_results_fp: /srv/scratch/z5313567/thesis/wav2vec2/finetuned_result/AusKidTalk/eval_AusKidTalk_spontaneous_20230920_4_finetuned_result.csv
--> pretrained_mod: /srv/scratch/z5313567/thesis/wav2vec2/model/MyST/progressive_finetune_CU_MyST_lowercase_20230916
--> pretrained_tokenizer: /srv/scratch/z5313567/thesis/wav2vec2/model/OGI_American/full/full_model_OGI_American_20230702

------> PREPARING DATASET... ------------------------------------

  0%|          | 0/2 [00:00<?, ?it/s]100%|â–ˆâ–ˆâ–ˆâ–ˆâ–ˆâ–ˆâ–ˆâ–ˆâ–ˆâ–ˆ| 2/2 [00:00<00:00, 566.45it/s]
Loading cached processed dataset at /srv/scratch/chacmod/.cache/huggingface/datasets/AusKidTalk-eval/csv/default-83a208ef1ad29d5d/0.0.0/6954658bab30a358235fa864b05cf819af0e179325c740e4bc853bcc7ec513e1/cache-bf8e66dca7cd02c2.arrow
Loading cached processed dataset at /srv/scratch/chacmod/.cache/huggingface/datasets/AusKidTalk-eval/csv/default-83a208ef1ad29d5d/0.0.0/6954658bab30a358235fa864b05cf819af0e179325c740e4bc853bcc7ec513e1/cache-a9cb62d9def94e4f.arrow
Special tokens have been added in the vocabulary, make sure the associated word embeddings are fine-tuned or trained.
Loading cached processed dataset at /srv/scratch/chacmod/.cache/huggingface/datasets/AusKidTalk-eval/csv/default-83a208ef1ad29d5d/0.0.0/6954658bab30a358235fa864b05cf819af0e179325c740e4bc853bcc7ec513e1/cache-c6683a2452038c26_*_of_00004.arrow
Loading cached processed dataset at /srv/scratch/chacmod/.cache/huggingface/datasets/AusKidTalk-eval/csv/default-83a208ef1ad29d5d/0.0.0/6954658bab30a358235fa864b05cf819af0e179325c740e4bc853bcc7ec513e1/cache-2901cfd0e4a01021_*_of_00004.arrow
Loading cached processed dataset at /srv/scratch/chacmod/.cache/huggingface/datasets/AusKidTalk-eval/csv/default-83a208ef1ad29d5d/0.0.0/6954658bab30a358235fa864b05cf819af0e179325c740e4bc853bcc7ec513e1/cache-8e51be239727254e_*_of_00004.arrow
Loading cached processed dataset at /srv/scratch/chacmod/.cache/huggingface/datasets/AusKidTalk-eval/csv/default-83a208ef1ad29d5d/0.0.0/6954658bab30a358235fa864b05cf819af0e179325c740e4bc853bcc7ec513e1/cache-5d719c18b5641d05_*_of_00004.arrow
/srv/scratch/z5313567/thesis/wav2vec2/code/eval_LM_lowercase.py:565: FutureWarning: load_metric is deprecated and will be removed in the next major version of datasets. Use 'evaluate.load' instead, from the new library ðŸ¤— Evaluate: https://huggingface.co/docs/evaluate
  wer_metric = load_metric("wer")
/home/z5313567/.local/lib/python3.10/site-packages/transformers/models/wav2vec2/modeling_wav2vec2.py:1643: FutureWarning: The method `freeze_feature_extractor` is deprecated and will be removed in Transformers v5.Please use the equivalent `freeze_feature_encoder` method instead.
  warnings.warn(
--> dataset...
DatasetDict({
    train: Dataset({
        features: ['filepath', 'transcription_clean'],
        num_rows: 24
    })
    test: Dataset({
        features: ['filepath', 'transcription_clean'],
        num_rows: 24
    })
})
--> Printing some random samples...
                                            filepath                                transcription_clean
0  /srv/scratch/chacmod/auskidtalk_spontaneous/51...                    the dinosaur poked out his head
1  /srv/scratch/chacmod/auskidtalk_spontaneous/51...                    and the dinosaur was lying down
2  /srv/scratch/chacmod/auskidtalk_spontaneous/51...                 the dinosaur was about to lick him
3  /srv/scratch/chacmod/auskidtalk_spontaneous/51...                 and he was looking at the dinosaur
4  /srv/scratch/chacmod/auskidtalk_spontaneous/81...  the egg starts cracking near the top and hulk ...
5  /srv/scratch/chacmod/auskidtalk_spontaneous/51...                                      he was hiding
6  /srv/scratch/chacmod/auskidtalk_spontaneous/81...  hulk tries to hide from the dinosaur and is st...
7  /srv/scratch/chacmod/auskidtalk_spontaneous/81...            a dinosaur jumps out and hulk is scared
8  /srv/scratch/chacmod/auskidtalk_spontaneous/51...                           he was on the skateboard
9  /srv/scratch/chacmod/auskidtalk_spontaneous/81...  he's curious to see what's inside the egg and ...
SUCCESS: Prepared dataset.

------> PROCESSING TRANSCRIPTION... ---------------------------------------


------> CREATING WAV2VEC2 FEATURE EXTRACTOR... -----------------------

SUCCESS: Created feature extractor.

------> PRE-PROCESSING DATA... ----------------------------------------- 

--> Verifying data with a random sample...
Target text: and the dinosaur was lying down
Input array shape: (49740,)
Sampling rate: 16000
SUCCESS: Data ready for training and evaluation.

------> PREPARING FOR TRAINING & EVALUATION... ----------------------- 

--> Defining data collator...
SUCCESS: Data collator defined.
--> Defining evaluation metric...
SUCCESS: Defined WER evaluation metric.
--> Loading pre-trained checkpoint...
SUCCESS: Pre-trained checkpoint loaded.

------> EVALUATING MODEL... ------------------------------------------ 

Traceback (most recent call last):
  File "/home/z5313567/.local/lib/python3.10/site-packages/transformers/feature_extraction_utils.py", line 430, in get_feature_extractor_dict
    resolved_feature_extractor_file = cached_file(
  File "/home/z5313567/.local/lib/python3.10/site-packages/transformers/utils/hub.py", line 417, in cached_file
    resolved_file = hf_hub_download(
  File "/home/z5313567/.local/lib/python3.10/site-packages/huggingface_hub/utils/_validators.py", line 112, in _inner_fn
    validate_repo_id(arg_value)
  File "/home/z5313567/.local/lib/python3.10/site-packages/huggingface_hub/utils/_validators.py", line 160, in validate_repo_id
    raise HFValidationError(
huggingface_hub.utils._validators.HFValidationError: Repo id must be in the form 'repo_name' or 'namespace/repo_name': '/srv/scratch/z5313567/thesis/wav2vec2/model/MyST/progressive_finetune_CU_MyST_lowercase_20230916_with_lm_AusKidTalk_LM_combined_lowercase_v1/language_model/AusKidTalk_LM_combined_lowercase_v1.arpa'. Use `repo_type` argument if needed.

During handling of the above exception, another exception occurred:

Traceback (most recent call last):
  File "/srv/scratch/z5313567/thesis/wav2vec2/code/eval_LM_lowercase.py", line 692, in <module>
    processor_LM = Wav2Vec2ProcessorWithLM.from_pretrained(eval_lm, cache_dir = data_cache_fp)
  File "/home/z5313567/.local/lib/python3.10/site-packages/transformers/models/wav2vec2_with_lm/processing_wav2vec2_with_lm.py", line 146, in from_pretrained
    feature_extractor, tokenizer = super()._get_arguments_from_pretrained(pretrained_model_name_or_path, **kwargs)
  File "/home/z5313567/.local/lib/python3.10/site-packages/transformers/processing_utils.py", line 228, in _get_arguments_from_pretrained
    args.append(attribute_class.from_pretrained(pretrained_model_name_or_path, **kwargs))
  File "/home/z5313567/.local/lib/python3.10/site-packages/transformers/feature_extraction_utils.py", line 330, in from_pretrained
    feature_extractor_dict, kwargs = cls.get_feature_extractor_dict(pretrained_model_name_or_path, **kwargs)
  File "/home/z5313567/.local/lib/python3.10/site-packages/transformers/feature_extraction_utils.py", line 448, in get_feature_extractor_dict
    raise EnvironmentError(
OSError: Can't load feature extractor for '/srv/scratch/z5313567/thesis/wav2vec2/model/MyST/progressive_finetune_CU_MyST_lowercase_20230916_with_lm_AusKidTalk_LM_combined_lowercase_v1/language_model/AusKidTalk_LM_combined_lowercase_v1.arpa'. If you were trying to load it from 'https://huggingface.co/models', make sure you don't have a local directory with the same name. Otherwise, make sure '/srv/scratch/z5313567/thesis/wav2vec2/model/MyST/progressive_finetune_CU_MyST_lowercase_20230916_with_lm_AusKidTalk_LM_combined_lowercase_v1/language_model/AusKidTalk_LM_combined_lowercase_v1.arpa' is the correct path to a directory containing a preprocessor_config.json file
Wed Sep 20 05:07:24 AEST 2023
Found cached dataset csv (/srv/scratch/chacmod/.cache/huggingface/datasets/AusKidTalk-eval/csv/default-83a208ef1ad29d5d/0.0.0/6954658bab30a358235fa864b05cf819af0e179325c740e4bc853bcc7ec513e1)
------------------------------------------------------------------------
                 run_finetune_kids.py                                   
------------------------------------------------------------------------
Running:  /srv/scratch/z5313567/thesis/wav2vec2/code/eval_LM_lowercase.py
Started: 20/09/2023 05:07:24

------> IMPORTING PACKAGES.... ---------------------------------------

-->Importing datasets...
-->Importing random...
-->Importing pandas & numpy...
-->Importing re...
-->Importing json...
-->Importing Wav2VecCTC...
-->Importing soundfile...
-->Importing librosa...
-->Importing torch, dataclasses & typing...
-->Importing from transformers for training...
-->Importing pyarrow for loading dataset...
-->SUCCESS! All packages imported.

------> EXPERIMENT ARGUMENTS ----------------------------------------- 

base_fp: /srv/scratch/z5313567/thesis/
model: wav2vec2
dataset_name: AusKidTalk
experiment_id: eval_AusKidTalk_spontaneous_20230920_4
cache_name: AusKidTalk-eval
Language model: /srv/scratch/z5313567/thesis/wav2vec2/model/MyST/progressive_finetune_CU_MyST_lowercase_20230916_with_lm_AusKidTalk_LM_combined_lowercase_v1
training: False
use_checkpoint: True
checkpoint: /srv/scratch/z5313567/thesis/wav2vec2/model/MyST/progressive_finetune_CU_MyST_lowercase_20230916
use_pretrained_tokenizer: True
pretrained_tokenizer: /srv/scratch/z5313567/thesis/wav2vec2/model/OGI_American/full/full_model_OGI_American_20230702
eval_pretrained: True
eval_model: /srv/scratch/z5313567/thesis/wav2vec2/model/MyST/progressive_finetune_CU_MyST_lowercase_20230916
baseline_model: facebook/wav2vec2-base-960h
eval_baseline: False

------> MODEL ARGUMENTS... -------------------------------------------

hidden_dropout: 0.1
activation_dropout: 0.1
attention_dropoutput: 0.1
feat_proj_dropout: 0.0
layerdrop: 0.1
mask_time_prob: 0.05
mask_time_length: 10
ctc_loss_reduction: mean
ctc_zero_infinity: True
gradient_checkpointing: True

------> TRAINING ARGUMENTS... ----------------------------------------

evaluation strategy: steps
per_device_train_batch_size: 8
gradient_accumulation_steps: 1
learning_rate: 3e-05
weight_decay: 0.01
adam_beta1: 0.9
adam_beta2: 0.98
adam_epsilon: 1e-08
num_train_epochs: 14
max_steps: 60000
lr_scheduler_type: linear
warmup_ratio: 0.1
logging_strategy: steps
logging_steps: 1000
save_strategy: steps
save_steps: 1000
save_total_limit: 3
fp16: True
eval_steps: 1000
load_best_model_at_end: True
metric_for_best_model: wer
greater_is_better: False
group_by_length: True

------> GENERATING FILEPATHS... --------------------------------------

--> data_train_fp: /srv/scratch/z5313567/thesis/AusKidTalk_local/spontaneous/AusKidTalk_spontaneous_test_only_transcription_filepath.csv
--> data_test_fp: /srv/scratch/z5313567/thesis/AusKidTalk_local/spontaneous/AusKidTalk_spontaneous_test_only_transcription_filepath.csv
--> data_cache_fp: /srv/scratch/chacmod/.cache/huggingface/datasets/AusKidTalk-eval
--> vocab_fp: /srv/scratch/z5313567/thesis/wav2vec2/vocab/AusKidTalk/eval_AusKidTalk_spontaneous_20230920_4_vocab.json
--> model_fp: /srv/scratch/z5313567/thesis/wav2vec2/model/AusKidTalk/eval_AusKidTalk_spontaneous_20230920_4
--> baseline_results_fp: /srv/scratch/z5313567/thesis/wav2vec2/baseline_result/AusKidTalk/eval_AusKidTalk_spontaneous_20230920_4_baseline_result.csv
--> finetuned_results_fp: /srv/scratch/z5313567/thesis/wav2vec2/finetuned_result/AusKidTalk/eval_AusKidTalk_spontaneous_20230920_4_finetuned_result.csv
--> pretrained_mod: /srv/scratch/z5313567/thesis/wav2vec2/model/MyST/progressive_finetune_CU_MyST_lowercase_20230916
--> pretrained_tokenizer: /srv/scratch/z5313567/thesis/wav2vec2/model/OGI_American/full/full_model_OGI_American_20230702

------> PREPARING DATASET... ------------------------------------

  0%|          | 0/2 [00:00<?, ?it/s]100%|â–ˆâ–ˆâ–ˆâ–ˆâ–ˆâ–ˆâ–ˆâ–ˆâ–ˆâ–ˆ| 2/2 [00:00<00:00, 427.82it/s]
Loading cached processed dataset at /srv/scratch/chacmod/.cache/huggingface/datasets/AusKidTalk-eval/csv/default-83a208ef1ad29d5d/0.0.0/6954658bab30a358235fa864b05cf819af0e179325c740e4bc853bcc7ec513e1/cache-bf8e66dca7cd02c2.arrow
Loading cached processed dataset at /srv/scratch/chacmod/.cache/huggingface/datasets/AusKidTalk-eval/csv/default-83a208ef1ad29d5d/0.0.0/6954658bab30a358235fa864b05cf819af0e179325c740e4bc853bcc7ec513e1/cache-a9cb62d9def94e4f.arrow
Special tokens have been added in the vocabulary, make sure the associated word embeddings are fine-tuned or trained.
Loading cached processed dataset at /srv/scratch/chacmod/.cache/huggingface/datasets/AusKidTalk-eval/csv/default-83a208ef1ad29d5d/0.0.0/6954658bab30a358235fa864b05cf819af0e179325c740e4bc853bcc7ec513e1/cache-c6683a2452038c26_*_of_00004.arrow
Loading cached processed dataset at /srv/scratch/chacmod/.cache/huggingface/datasets/AusKidTalk-eval/csv/default-83a208ef1ad29d5d/0.0.0/6954658bab30a358235fa864b05cf819af0e179325c740e4bc853bcc7ec513e1/cache-2901cfd0e4a01021_*_of_00004.arrow
Loading cached processed dataset at /srv/scratch/chacmod/.cache/huggingface/datasets/AusKidTalk-eval/csv/default-83a208ef1ad29d5d/0.0.0/6954658bab30a358235fa864b05cf819af0e179325c740e4bc853bcc7ec513e1/cache-8e51be239727254e_*_of_00004.arrow
Loading cached processed dataset at /srv/scratch/chacmod/.cache/huggingface/datasets/AusKidTalk-eval/csv/default-83a208ef1ad29d5d/0.0.0/6954658bab30a358235fa864b05cf819af0e179325c740e4bc853bcc7ec513e1/cache-5d719c18b5641d05_*_of_00004.arrow
/srv/scratch/z5313567/thesis/wav2vec2/code/eval_LM_lowercase.py:565: FutureWarning: load_metric is deprecated and will be removed in the next major version of datasets. Use 'evaluate.load' instead, from the new library ðŸ¤— Evaluate: https://huggingface.co/docs/evaluate
  wer_metric = load_metric("wer")
/home/z5313567/.local/lib/python3.10/site-packages/transformers/models/wav2vec2/modeling_wav2vec2.py:1643: FutureWarning: The method `freeze_feature_extractor` is deprecated and will be removed in Transformers v5.Please use the equivalent `freeze_feature_encoder` method instead.
  warnings.warn(
--> dataset...
DatasetDict({
    train: Dataset({
        features: ['filepath', 'transcription_clean'],
        num_rows: 24
    })
    test: Dataset({
        features: ['filepath', 'transcription_clean'],
        num_rows: 24
    })
})
--> Printing some random samples...
                                            filepath                                transcription_clean
0  /srv/scratch/chacmod/auskidtalk_spontaneous/51...                        he was listening to the egg
1  /srv/scratch/chacmod/auskidtalk_spontaneous/51...                 the dinosaur was about to lick him
2  /srv/scratch/chacmod/auskidtalk_spontaneous/81...                   hulk feeds the dinosaur the milk
3  /srv/scratch/chacmod/auskidtalk_spontaneous/81...  the dinosaur is looking around for hulk and he...
4  /srv/scratch/chacmod/auskidtalk_spontaneous/81...                                the dinosaur is sad
5  /srv/scratch/chacmod/auskidtalk_spontaneous/81...  hulk was riding backwards on a skateboard and ...
6  /srv/scratch/chacmod/auskidtalk_spontaneous/81...            a dinosaur jumps out and hulk is scared
7  /srv/scratch/chacmod/auskidtalk_spontaneous/51...                               there was a dinosaur
8  /srv/scratch/chacmod/auskidtalk_spontaneous/81...  the dinosaur tries to play with hulk but hulk ...
9  /srv/scratch/chacmod/auskidtalk_spontaneous/51...                  and he feed the dinosaur his milk
SUCCESS: Prepared dataset.

------> PROCESSING TRANSCRIPTION... ---------------------------------------


------> CREATING WAV2VEC2 FEATURE EXTRACTOR... -----------------------

SUCCESS: Created feature extractor.

------> PRE-PROCESSING DATA... ----------------------------------------- 

--> Verifying data with a random sample...
Target text: a dinosaur jumps out and hulk is scared
Input array shape: (44162,)
Sampling rate: 16000
SUCCESS: Data ready for training and evaluation.

------> PREPARING FOR TRAINING & EVALUATION... ----------------------- 

--> Defining data collator...
SUCCESS: Data collator defined.
--> Defining evaluation metric...
SUCCESS: Defined WER evaluation metric.
--> Loading pre-trained checkpoint...
SUCCESS: Pre-trained checkpoint loaded.

------> EVALUATING MODEL... ------------------------------------------ 

Map:   0%|          | 0/24 [00:00<?, ? examples/s]Map:   4%|â–         | 1/24 [00:01<00:30,  1.31s/ examples]Map:   8%|â–Š         | 2/24 [00:02<00:21,  1.01 examples/s]Map:  12%|â–ˆâ–Ž        | 3/24 [00:02<00:18,  1.14 examples/s]Map:  17%|â–ˆâ–‹        | 4/24 [00:03<00:16,  1.19 examples/s]Map:  21%|â–ˆâ–ˆ        | 5/24 [00:04<00:15,  1.22 examples/s]Map:  25%|â–ˆâ–ˆâ–Œ       | 6/24 [00:05<00:14,  1.23 examples/s]Map:  29%|â–ˆâ–ˆâ–‰       | 7/24 [00:05<00:13,  1.24 examples/s]Map:  33%|â–ˆâ–ˆâ–ˆâ–Ž      | 8/24 [00:06<00:12,  1.26 examples/s]Map:  38%|â–ˆâ–ˆâ–ˆâ–Š      | 9/24 [00:07<00:11,  1.27 examples/s]Map:  42%|â–ˆâ–ˆâ–ˆâ–ˆâ–     | 10/24 [00:08<00:10,  1.27 examples/s]Map:  46%|â–ˆâ–ˆâ–ˆâ–ˆâ–Œ     | 11/24 [00:09<00:09,  1.30 examples/s]Map:  50%|â–ˆâ–ˆâ–ˆâ–ˆâ–ˆ     | 12/24 [00:09<00:09,  1.29 examples/s]Map:  54%|â–ˆâ–ˆâ–ˆâ–ˆâ–ˆâ–    | 13/24 [00:10<00:08,  1.26 examples/s]Map:  58%|â–ˆâ–ˆâ–ˆâ–ˆâ–ˆâ–Š    | 14/24 [00:11<00:08,  1.24 examples/s]Map:  62%|â–ˆâ–ˆâ–ˆâ–ˆâ–ˆâ–ˆâ–Ž   | 15/24 [00:12<00:07,  1.27 examples/s]Map:  67%|â–ˆâ–ˆâ–ˆâ–ˆâ–ˆâ–ˆâ–‹   | 16/24 [00:12<00:06,  1.28 examples/s]Map:  71%|â–ˆâ–ˆâ–ˆâ–ˆâ–ˆâ–ˆâ–ˆ   | 17/24 [00:13<00:05,  1.25 examples/s]Map:  75%|â–ˆâ–ˆâ–ˆâ–ˆâ–ˆâ–ˆâ–ˆâ–Œ  | 18/24 [00:14<00:04,  1.25 examples/s]Map:  79%|â–ˆâ–ˆâ–ˆâ–ˆâ–ˆâ–ˆâ–ˆâ–‰  | 19/24 [00:15<00:04,  1.25 examples/s]Map:  83%|â–ˆâ–ˆâ–ˆâ–ˆâ–ˆâ–ˆâ–ˆâ–ˆâ–Ž | 20/24 [00:16<00:03,  1.26 examples/s]Map:  88%|â–ˆâ–ˆâ–ˆâ–ˆâ–ˆâ–ˆâ–ˆâ–ˆâ–Š | 21/24 [00:17<00:02,  1.26 examples/s]Map:  92%|â–ˆâ–ˆâ–ˆâ–ˆâ–ˆâ–ˆâ–ˆâ–ˆâ–ˆâ–| 22/24 [00:17<00:01,  1.27 examples/s]Map:  96%|â–ˆâ–ˆâ–ˆâ–ˆâ–ˆâ–ˆâ–ˆâ–ˆâ–ˆâ–Œ| 23/24 [00:18<00:00,  1.29 examples/s]Map: 100%|â–ˆâ–ˆâ–ˆâ–ˆâ–ˆâ–ˆâ–ˆâ–ˆâ–ˆâ–ˆ| 24/24 [00:19<00:00,  1.25 examples/s]                                                           Saved results to: /srv/scratch/z5313567/thesis/wav2vec2/finetuned_result/AusKidTalk/eval_AusKidTalk_spontaneous_20230920_4_finetuned_result.csv
--> Getting fine-tuned test results...
Fine-tuned Test WER Without Language Model: 0.427
Fine-tuned Test WER With Language Model: 0.365


Fine-tuned Test CER Without Language Model: 0.210
Fine-tuned Test CER With Language Model: 0.200


--> Showing some fine-tuned prediction errors...
                                         target_text  ...                                   pred_str_with_LM
0                    and the dinosaur was lying down  ...                   and the done sell was frang down
1                               there was a dinosaur  ...                                     the he was a d
2                           he was on the skateboard  ...                                 a on the sky board
3  hulk was riding backwards on a skateboard and ...  ...  hawk was hiding backwards on the scale and he ...
4                 and he was looking at the dinosaur  ...                    and he was looking at the dinos
5                  and he feed the dinosaur his milk  ...                       um he feet the done is smoke
6   laughing while the dinosuar is drinking the milk  ...    a thing while the dinosaur is drinking the milk
7                 the dinosaur was about to lick him  ...                 the dinocell was about to lick him
8                   hulk feeds the dinosaur the milk  ...                   a feeds the dinosaur of the milk
9            a dinosaur jumps out and hulk is scared  ...               a dinosaur jumps out and hawk is kid

[10 rows x 3 columns]
--> Taking a deeper look...
[PAD] [PAD] [PAD] [PAD] [PAD] [PAD] [PAD] [PAD] [PAD] [PAD] [PAD] [PAD] [PAD] [PAD] [PAD] [PAD] [PAD] [PAD] [PAD] [PAD] [PAD] [PAD] [PAD] | [PAD] [PAD] [PAD] [PAD] [PAD] [PAD] [PAD] [PAD] [PAD] [PAD] [PAD] [PAD] [PAD] [PAD] [PAD] [PAD] [PAD] s [PAD] | [PAD] [PAD] [PAD] [PAD] [PAD] [PAD] [PAD] [PAD] [PAD] o [PAD] n [PAD] [PAD] | [PAD] [PAD] [PAD] [PAD] [PAD] [PAD] [PAD] [PAD] [PAD] [PAD] [PAD] [PAD] [PAD] [PAD] [PAD] [PAD] [PAD] [PAD] [PAD] t h h [PAD] [PAD] e [PAD] [PAD] | [PAD] [PAD] [PAD] s [PAD] [PAD] [PAD] [PAD] [PAD] k [PAD] [PAD] [PAD] [PAD] [PAD] y y [PAD] [PAD] [PAD] [PAD] [PAD] | [PAD] [PAD] [PAD] [PAD] [PAD] b [PAD] [PAD] [PAD] [PAD] [PAD] [PAD] [PAD] [PAD] [PAD] [PAD] [PAD] u a [PAD] r [PAD] d [PAD] [PAD] [PAD] [PAD] [PAD] [PAD] [PAD] [PAD] [PAD] [PAD] [PAD] [PAD] [PAD] [PAD] [PAD] [PAD] [PAD]

------> SUCCESSFULLY FINISHED ---------------------------------------- 

Finished: 20/09/2023 05:07:56
